Build started 1/31/2017 11:58:26 AM.
     1>Project "C:\Users\abhende\Documents\Visual Studio 2012\Projects\Win32 HGE\Win32 HGE\Win32 HGE.vcxproj" on node 2 (Build target(s)).
     1>ClCompile:
         C:\Program Files (x86)\Microsoft Visual Studio 11.0\VC\bin\CL.exe /c /Zi /nologo /W3 /WX- /O2 /Oi /Oy- /GL /D WIN32 /D NDEBUG /D _WINDOWS /D _UNICODE /D UNICODE /Gm- /EHsc /MD /GS /Gy /fp:precise /Zc:wchar_t /Zc:forScope /Fo"Release\\" /Fd"Release\vc110.pdb" /Gd /TP /analyze- /errorReport:prompt Main.cpp
         Main.cpp
       Link:
         C:\Program Files (x86)\Microsoft Visual Studio 11.0\VC\bin\link.exe /ERRORREPORT:PROMPT /OUT:"C:\Users\abhende\Documents\Visual Studio 2012\Projects\Win32 HGE\Release\Win32 HGE.exe" /INCREMENTAL:NO /NOLOGO kernel32.lib user32.lib gdi32.lib winspool.lib comdlg32.lib advapi32.lib shell32.lib ole32.lib oleaut32.lib uuid.lib odbc32.lib odbccp32.lib /MANIFEST /MANIFESTUAC:"level='asInvoker' uiAccess='false'" /manifest:embed /DEBUG /PDB:"C:\Users\abhende\Documents\Visual Studio 2012\Projects\Win32 HGE\Release\Win32 HGE.pdb" /SUBSYSTEM:WINDOWS /OPT:REF /OPT:ICF /LTCG /TLBID:1 /DYNAMICBASE /NXCOMPAT /IMPLIB:"C:\Users\abhende\Documents\Visual Studio 2012\Projects\Win32 HGE\Release\Win32 HGE.lib" /MACHINE:X86 /SAFESEH Release\Entity.obj
         Release\Game.obj
         Release\Input.obj
         Release\Loader.obj
         Release\Main.obj
         Release\Player.obj
     1>Entity.obj : error LNK2001: unresolved external symbol "public: void __thiscall hgeSprite::Render(float,float)" (?Render@hgeSprite@@QAEXMM@Z)
     1>Game.obj : error LNK2001: unresolved external symbol "public: void __cdecl hgeFont::printf(float,float,int,char const *,...)" (?printf@hgeFont@@QAAXMMHPBDZZ)
     1>Game.obj : error LNK2001: unresolved external symbol "public: __thiscall hgeFont::hgeFont(char const *)" (??0hgeFont@@QAE@PBD@Z)
     1>Loader.obj : error LNK2001: unresolved external symbol "public: __thiscall hgeSprite::hgeSprite(unsigned long,float,float,float,float)" (??0hgeSprite@@QAE@KMMMM@Z)
     1>Main.obj : error LNK2001: unresolved external symbol _hgeCreate@4
     1>C:\Users\abhende\Documents\Visual Studio 2012\Projects\Win32 HGE\Release\Win32 HGE.exe : fatal error LNK1120: 5 unresolved externals
     1>Done Building Project "C:\Users\abhende\Documents\Visual Studio 2012\Projects\Win32 HGE\Win32 HGE\Win32 HGE.vcxproj" (Build target(s)) -- FAILED.

Build FAILED.

Time Elapsed 00:00:00.67
