c:\users\asus rog\desktop\hge game latest\win32 hge\win32 hge\debug\haxball.pch
c:\users\asus rog\desktop\hge game latest\win32 hge\win32 hge\debug\vc120.pdb
c:\users\asus rog\desktop\hge game latest\win32 hge\win32 hge\debug\vc120.idb
c:\users\asus rog\desktop\hge game latest\win32 hge\win32 hge\debug\precompiled.obj
c:\users\asus rog\desktop\hge game latest\win32 hge\win32 hge\debug\options.obj
c:\users\asus rog\desktop\hge game latest\win32 hge\win32 hge\debug\particle.obj
c:\users\asus rog\desktop\hge game latest\win32 hge\win32 hge\debug\pausegamestate.obj
c:\users\asus rog\desktop\hge game latest\win32 hge\win32 hge\debug\player.obj
c:\users\asus rog\desktop\hge game latest\win32 hge\win32 hge\debug\player1.obj
c:\users\asus rog\desktop\hge game latest\win32 hge\win32 hge\debug\player2.obj
c:\users\asus rog\desktop\hge game latest\win32 hge\win32 hge\debug\playermanager.obj
c:\users\asus rog\desktop\hge game latest\win32 hge\win32 hge\debug\playeroutofboundsevent.obj
c:\users\asus rog\desktop\hge game latest\win32 hge\win32 hge\debug\resourceloadingcompletedevent.obj
c:\users\asus rog\desktop\hge game latest\win32 hge\win32 hge\debug\resourcemanager.obj
c:\users\asus rog\desktop\hge game latest\win32 hge\win32 hge\debug\resourcerequest.obj
c:\users\asus rog\desktop\hge game latest\win32 hge\win32 hge\debug\scoremanager.obj
c:\users\asus rog\desktop\hge game latest\win32 hge\win32 hge\debug\solidtile.obj
c:\users\asus rog\desktop\hge game latest\win32 hge\win32 hge\debug\sprite.obj
c:\users\asus rog\desktop\hge game latest\win32 hge\win32 hge\debug\texture.obj
c:\users\asus rog\desktop\hge game latest\win32 hge\win32 hge\debug\timer.obj
c:\users\asus rog\desktop\hge game latest\win32 hge\win32 hge\debug\identifier.obj
c:\users\asus rog\desktop\hge game latest\win32 hge\win32 hge\debug\uibutton.obj
c:\users\asus rog\desktop\hge game latest\win32 hge\win32 hge\debug\voidtile.obj
c:\users\asus rog\desktop\hge game latest\win32 hge\win32 hge\debug\world.obj
c:\users\asus rog\desktop\hge game latest\win32 hge\win32 hge\debug\gettopreviousstateevent.obj
c:\users\asus rog\desktop\hge game latest\win32 hge\win32 hge\debug\goalpost.obj
c:\users\asus rog\desktop\hge game latest\win32 hge\win32 hge\debug\goalscoredevent.obj
c:\users\asus rog\desktop\hge game latest\win32 hge\win32 hge\debug\ievent.obj
c:\users\asus rog\desktop\hge game latest\win32 hge\win32 hge\debug\igamestate.obj
c:\users\asus rog\desktop\hge game latest\win32 hge\win32 hge\debug\input.obj
c:\users\asus rog\desktop\hge game latest\win32 hge\win32 hge\debug\inputmanager.obj
c:\users\asus rog\desktop\hge game latest\win32 hge\win32 hge\debug\iresource.obj
c:\users\asus rog\desktop\hge game latest\win32 hge\win32 hge\debug\keyboardinput.obj
c:\users\asus rog\desktop\hge game latest\win32 hge\win32 hge\debug\keyevent.obj
c:\users\asus rog\desktop\hge game latest\win32 hge\win32 hge\debug\level1.obj
c:\users\asus rog\desktop\hge game latest\win32 hge\win32 hge\debug\loader.obj
c:\users\asus rog\desktop\hge game latest\win32 hge\win32 hge\debug\loadingstate.obj
c:\users\asus rog\desktop\hge game latest\win32 hge\win32 hge\debug\loadresourcesevent.obj
c:\users\asus rog\desktop\hge game latest\win32 hge\win32 hge\debug\main.obj
c:\users\asus rog\desktop\hge game latest\win32 hge\win32 hge\debug\menu.obj
c:\users\asus rog\desktop\hge game latest\win32 hge\win32 hge\debug\mouseevent.obj
c:\users\asus rog\desktop\hge game latest\win32 hge\win32 hge\debug\mouseinput.obj
c:\users\asus rog\desktop\hge game latest\win32 hge\win32 hge\debug\movableentity.obj
c:\users\asus rog\desktop\hge game latest\win32 hge\win32 hge\debug\movableentitylist.obj
c:\users\asus rog\desktop\hge game latest\win32 hge\win32 hge\debug\ball.obj
c:\users\asus rog\desktop\hge game latest\win32 hge\win32 hge\debug\broadcaster.obj
c:\users\asus rog\desktop\hge game latest\win32 hge\win32 hge\debug\camera.obj
c:\users\asus rog\desktop\hge game latest\win32 hge\win32 hge\debug\coin.obj
c:\users\asus rog\desktop\hge game latest\win32 hge\win32 hge\debug\coinmanager.obj
c:\users\asus rog\desktop\hge game latest\win32 hge\win32 hge\debug\collisionlogic.obj
c:\users\asus rog\desktop\hge game latest\win32 hge\win32 hge\debug\collisionmanager.obj
c:\users\asus rog\desktop\hge game latest\win32 hge\win32 hge\debug\cursor.obj
c:\users\asus rog\desktop\hge game latest\win32 hge\win32 hge\debug\entity.obj
c:\users\asus rog\desktop\hge game latest\win32 hge\win32 hge\debug\entitylist.obj
c:\users\asus rog\desktop\hge game latest\win32 hge\win32 hge\debug\eventidentifier.obj
c:\users\asus rog\desktop\hge game latest\win32 hge\win32 hge\debug\eventmanager.obj
c:\users\asus rog\desktop\hge game latest\win32 hge\win32 hge\debug\field.obj
c:\users\asus rog\desktop\hge game latest\win32 hge\win32 hge\debug\fontresource.obj
c:\users\asus rog\desktop\hge game latest\win32 hge\win32 hge\debug\force.obj
c:\users\asus rog\desktop\hge game latest\win32 hge\win32 hge\debug\game.obj
c:\users\asus rog\desktop\hge game latest\win32 hge\win32 hge\debug\gameappframework.obj
c:\users\asus rog\desktop\hge game latest\win32 hge\win32 hge\debug\gamestatechangeevent.obj
c:\users\asus rog\desktop\hge game latest\win32 hge\win32 hge\debug\gamestatemanager.obj
c:\users\asus rog\desktop\hge game latest\win32 hge\win32 hge\debug\animation.obj
c:\users\asus rog\desktop\hge game latest\win32 hge\win32 hge\debug\background.obj
c:\users\asus rog\desktop\hge game latest\win32 hge\win32 hge\debug\haxball.tlog\cl.command.1.tlog
c:\users\asus rog\desktop\hge game latest\win32 hge\win32 hge\debug\haxball.tlog\cl.read.1.tlog
c:\users\asus rog\desktop\hge game latest\win32 hge\win32 hge\debug\haxball.tlog\cl.write.1.tlog
