C:\USERS\ABHENDE\DOCUMENTS\VISUAL STUDIO 2012\PROJECTS\WIN32 HGE\WIN32 HGE\DEBUG\WIN32 HGE.PCH
C:\USERS\ABHENDE\DOCUMENTS\VISUAL STUDIO 2012\PROJECTS\WIN32 HGE\WIN32 HGE\DEBUG\PRECOMPILED.OBJ
C:\USERS\ABHENDE\DOCUMENTS\VISUAL STUDIO 2012\PROJECTS\WIN32 HGE\WIN32 HGE\DEBUG\VC110.PDB
C:\USERS\ABHENDE\DOCUMENTS\VISUAL STUDIO 2012\PROJECTS\WIN32 HGE\WIN32 HGE\DEBUG\GAMEAPPFRAMEWORK.OBJ
C:\USERS\ABHENDE\DOCUMENTS\VISUAL STUDIO 2012\PROJECTS\WIN32 HGE\WIN32 HGE\DEBUG\GAMERUNNING.OBJ
C:\USERS\ABHENDE\DOCUMENTS\VISUAL STUDIO 2012\PROJECTS\WIN32 HGE\WIN32 HGE\DEBUG\GAMESTATE.OBJ
C:\USERS\ABHENDE\DOCUMENTS\VISUAL STUDIO 2012\PROJECTS\WIN32 HGE\WIN32 HGE\DEBUG\GAMESTATEMANAGER.OBJ
C:\USERS\ABHENDE\DOCUMENTS\VISUAL STUDIO 2012\PROJECTS\WIN32 HGE\WIN32 HGE\DEBUG\GOALPOST.OBJ
C:\USERS\ABHENDE\DOCUMENTS\VISUAL STUDIO 2012\PROJECTS\WIN32 HGE\WIN32 HGE\DEBUG\INPUT.OBJ
C:\USERS\ABHENDE\DOCUMENTS\VISUAL STUDIO 2012\PROJECTS\WIN32 HGE\WIN32 HGE\DEBUG\LOADER.OBJ
C:\USERS\ABHENDE\DOCUMENTS\VISUAL STUDIO 2012\PROJECTS\WIN32 HGE\WIN32 HGE\DEBUG\MAIN.OBJ
C:\USERS\ABHENDE\DOCUMENTS\VISUAL STUDIO 2012\PROJECTS\WIN32 HGE\WIN32 HGE\DEBUG\MENU.OBJ
C:\USERS\ABHENDE\DOCUMENTS\VISUAL STUDIO 2012\PROJECTS\WIN32 HGE\WIN32 HGE\DEBUG\MOVABLEENTITY.OBJ
C:\USERS\ABHENDE\DOCUMENTS\VISUAL STUDIO 2012\PROJECTS\WIN32 HGE\WIN32 HGE\DEBUG\MOVABLEENTITYLIST.OBJ
C:\USERS\ABHENDE\DOCUMENTS\VISUAL STUDIO 2012\PROJECTS\WIN32 HGE\WIN32 HGE\DEBUG\PARTICLE.OBJ
C:\USERS\ABHENDE\DOCUMENTS\VISUAL STUDIO 2012\PROJECTS\WIN32 HGE\WIN32 HGE\DEBUG\PLAYER.OBJ
C:\USERS\ABHENDE\DOCUMENTS\VISUAL STUDIO 2012\PROJECTS\WIN32 HGE\WIN32 HGE\DEBUG\PLAYERMANAGER.OBJ
C:\USERS\ABHENDE\DOCUMENTS\VISUAL STUDIO 2012\PROJECTS\WIN32 HGE\WIN32 HGE\DEBUG\SCOREMANAGER.OBJ
C:\USERS\ABHENDE\DOCUMENTS\VISUAL STUDIO 2012\PROJECTS\WIN32 HGE\WIN32 HGE\DEBUG\SPRITE.OBJ
C:\USERS\ABHENDE\DOCUMENTS\VISUAL STUDIO 2012\PROJECTS\WIN32 HGE\WIN32 HGE\DEBUG\STATEIDENTIFIER.OBJ
C:\USERS\ABHENDE\DOCUMENTS\VISUAL STUDIO 2012\PROJECTS\WIN32 HGE\WIN32 HGE\DEBUG\UTILS.OBJ
C:\USERS\ABHENDE\DOCUMENTS\VISUAL STUDIO 2012\PROJECTS\WIN32 HGE\WIN32 HGE\DEBUG\ANIMATION.OBJ
C:\USERS\ABHENDE\DOCUMENTS\VISUAL STUDIO 2012\PROJECTS\WIN32 HGE\WIN32 HGE\DEBUG\BALL.OBJ
C:\USERS\ABHENDE\DOCUMENTS\VISUAL STUDIO 2012\PROJECTS\WIN32 HGE\WIN32 HGE\DEBUG\COLLISIONMANAGER.OBJ
C:\USERS\ABHENDE\DOCUMENTS\VISUAL STUDIO 2012\PROJECTS\WIN32 HGE\WIN32 HGE\DEBUG\CURSOR.OBJ
C:\USERS\ABHENDE\DOCUMENTS\VISUAL STUDIO 2012\PROJECTS\WIN32 HGE\WIN32 HGE\DEBUG\ENTITY.OBJ
C:\USERS\ABHENDE\DOCUMENTS\VISUAL STUDIO 2012\PROJECTS\WIN32 HGE\WIN32 HGE\DEBUG\ENTITYLIST.OBJ
C:\USERS\ABHENDE\DOCUMENTS\VISUAL STUDIO 2012\PROJECTS\WIN32 HGE\WIN32 HGE\DEBUG\FIELD.OBJ
C:\USERS\ABHENDE\DOCUMENTS\VISUAL STUDIO 2012\PROJECTS\WIN32 HGE\WIN32 HGE\DEBUG\FORCE.OBJ
C:\USERS\ABHENDE\DOCUMENTS\VISUAL STUDIO 2012\PROJECTS\WIN32 HGE\WIN32 HGE\DEBUG\GAME.OBJ
C:\USERS\ABHENDE\DOCUMENTS\VISUAL STUDIO 2012\PROJECTS\WIN32 HGE\WIN32 HGE\DEBUG\KEYEVENT.OBJ
C:\USERS\ABHENDE\DOCUMENTS\VISUAL STUDIO 2012\PROJECTS\WIN32 HGE\WIN32 HGE\DEBUG\INPUTMANAGER.OBJ
C:\USERS\ABHENDE\DOCUMENTS\VISUAL STUDIO 2012\PROJECTS\WIN32 HGE\WIN32 HGE\DEBUG\KEYLISTENER.OBJ
C:\USERS\ABHENDE\DOCUMENTS\VISUAL STUDIO 2012\PROJECTS\WIN32 HGE\WIN32 HGE\DEBUG\BROADCASTER.OBJ
C:\USERS\ABHENDE\DOCUMENTS\VISUAL STUDIO 2012\PROJECTS\WIN32 HGE\WIN32 HGE\DEBUG\EVENTMANAGER.OBJ
C:\USERS\ABHENDE\DOCUMENTS\VISUAL STUDIO 2012\PROJECTS\WIN32 HGE\WIN32 HGE\DEBUG\MOUSEEVENT.OBJ
C:\USERS\ABHENDE\DOCUMENTS\VISUAL STUDIO 2012\PROJECTS\WIN32 HGE\WIN32 HGE\DEBUG\GAMESTATECHANGEEVENT.OBJ
C:\USERS\ABHENDE\DOCUMENTS\VISUAL STUDIO 2012\PROJECTS\WIN32 HGE\WIN32 HGE\DEBUG\KEYBOARDINPUT.OBJ
C:\USERS\ABHENDE\DOCUMENTS\VISUAL STUDIO 2012\PROJECTS\WIN32 HGE\WIN32 HGE\DEBUG\MOUSEINPUT.OBJ
C:\USERS\ABHENDE\DOCUMENTS\VISUAL STUDIO 2012\PROJECTS\WIN32 HGE\WIN32 HGE\DEBUG\OPTIONS.OBJ
C:\USERS\ABHENDE\DOCUMENTS\VISUAL STUDIO 2012\PROJECTS\WIN32 HGE\WIN32 HGE\DEBUG\GETTOPREVIOUSSTATE.OBJ
C:\USERS\ABHENDE\DOCUMENTS\VISUAL STUDIO 2012\PROJECTS\WIN32 HGE\WIN32 HGE\DEBUG\GETTOPREVIOUSSTATEEVENT.OBJ
C:\USERS\ABHENDE\DOCUMENTS\VISUAL STUDIO 2012\PROJECTS\WIN32 HGE\WIN32 HGE\DEBUG\EVENTIDENTIFIER.OBJ
C:\USERS\ABHENDE\DOCUMENTS\VISUAL STUDIO 2012\PROJECTS\WIN32 HGE\WIN32 HGE\DEBUG\GOALSCOREDEVENT.OBJ
C:\USERS\ABHENDE\DOCUMENTS\VISUAL STUDIO 2012\PROJECTS\WIN32 HGE\WIN32 HGE\DEBUG\TIMER.OBJ
C:\USERS\ABHENDE\DOCUMENTS\VISUAL STUDIO 2012\PROJECTS\WIN32 HGE\WIN32 HGE\DEBUG\PLAYER2.OBJ
C:\USERS\ABHENDE\DOCUMENTS\VISUAL STUDIO 2012\PROJECTS\WIN32 HGE\WIN32 HGE\DEBUG\RESOURCEMANAGER.OBJ
C:\USERS\ABHENDE\DOCUMENTS\VISUAL STUDIO 2012\PROJECTS\WIN32 HGE\WIN32 HGE\DEBUG\IEVENT.OBJ
C:\USERS\ABHENDE\DOCUMENTS\VISUAL STUDIO 2012\PROJECTS\WIN32 HGE\WIN32 HGE\DEBUG\TEXTURE.OBJ
C:\USERS\ABHENDE\DOCUMENTS\VISUAL STUDIO 2012\PROJECTS\WIN32 HGE\WIN32 HGE\DEBUG\LOADINGSTATE.OBJ
C:\USERS\ABHENDE\DOCUMENTS\VISUAL STUDIO 2012\PROJECTS\WIN32 HGE\WIN32 HGE\DEBUG\RESOURCELOADINGCOMPLETEDEVENT.OBJ
C:\USERS\ABHENDE\DOCUMENTS\VISUAL STUDIO 2012\PROJECTS\WIN32 HGE\WIN32 HGE\DEBUG\LOADRESOURCESEVENT.OBJ
C:\USERS\ABHENDE\DOCUMENTS\VISUAL STUDIO 2012\PROJECTS\WIN32 HGE\WIN32 HGE\DEBUG\FONTRESOURCE.OBJ
C:\USERS\ABHENDE\DOCUMENTS\VISUAL STUDIO 2012\PROJECTS\WIN32 HGE\WIN32 HGE\DEBUG\RESOURCEREQUEST.OBJ
C:\USERS\ABHENDE\DOCUMENTS\VISUAL STUDIO 2012\PROJECTS\WIN32 HGE\WIN32 HGE\DEBUG\IRESOURCE.OBJ
C:\USERS\ABHENDE\DOCUMENTS\VISUAL STUDIO 2012\PROJECTS\WIN32 HGE\DEBUG\WIN32 HGE.ILK
C:\USERS\ABHENDE\DOCUMENTS\VISUAL STUDIO 2012\PROJECTS\WIN32 HGE\DEBUG\WIN32 HGE.EXE
C:\USERS\ABHENDE\DOCUMENTS\VISUAL STUDIO 2012\PROJECTS\WIN32 HGE\DEBUG\WIN32 HGE.PDB
C:\Users\abhende\documents\visual studio 2012\Projects\Win32 HGE\Win32 HGE\Debug\Animation.obj
C:\Users\abhende\documents\visual studio 2012\Projects\Win32 HGE\Win32 HGE\Debug\Ball.obj
C:\Users\abhende\documents\visual studio 2012\Projects\Win32 HGE\Win32 HGE\Debug\Broadcaster.obj
C:\Users\abhende\documents\visual studio 2012\Projects\Win32 HGE\Win32 HGE\Debug\CollisionManager.obj
C:\Users\abhende\documents\visual studio 2012\Projects\Win32 HGE\Win32 HGE\Debug\Cursor.obj
C:\Users\abhende\documents\visual studio 2012\Projects\Win32 HGE\Win32 HGE\Debug\Entity.obj
C:\Users\abhende\documents\visual studio 2012\Projects\Win32 HGE\Win32 HGE\Debug\EntityList.obj
C:\Users\abhende\documents\visual studio 2012\Projects\Win32 HGE\Win32 HGE\Debug\EventIdentifier.obj
C:\Users\abhende\documents\visual studio 2012\Projects\Win32 HGE\Win32 HGE\Debug\EventManager.obj
C:\Users\abhende\documents\visual studio 2012\Projects\Win32 HGE\Win32 HGE\Debug\Field.obj
C:\Users\abhende\documents\visual studio 2012\Projects\Win32 HGE\Win32 HGE\Debug\FontResource.obj
C:\Users\abhende\documents\visual studio 2012\Projects\Win32 HGE\Win32 HGE\Debug\Force.obj
C:\Users\abhende\documents\visual studio 2012\Projects\Win32 HGE\Win32 HGE\Debug\GameAppFramework.obj
C:\Users\abhende\documents\visual studio 2012\Projects\Win32 HGE\Win32 HGE\Debug\GameRunning.obj
C:\Users\abhende\documents\visual studio 2012\Projects\Win32 HGE\Win32 HGE\Debug\GameState.obj
C:\Users\abhende\documents\visual studio 2012\Projects\Win32 HGE\Win32 HGE\Debug\GameStateChangeEvent.obj
C:\Users\abhende\documents\visual studio 2012\Projects\Win32 HGE\Win32 HGE\Debug\GameStateManager.obj
C:\Users\abhende\documents\visual studio 2012\Projects\Win32 HGE\Win32 HGE\Debug\GetToPreviousState.obj
C:\Users\abhende\documents\visual studio 2012\Projects\Win32 HGE\Win32 HGE\Debug\GetToPreviousStateEvent.obj
C:\Users\abhende\documents\visual studio 2012\Projects\Win32 HGE\Win32 HGE\Debug\GoalPost.obj
C:\Users\abhende\documents\visual studio 2012\Projects\Win32 HGE\Win32 HGE\Debug\GoalScoredEvent.obj
C:\Users\abhende\documents\visual studio 2012\Projects\Win32 HGE\Win32 HGE\Debug\IEvent.obj
C:\Users\abhende\documents\visual studio 2012\Projects\Win32 HGE\Win32 HGE\Debug\Input.obj
C:\Users\abhende\documents\visual studio 2012\Projects\Win32 HGE\Win32 HGE\Debug\InputManager.obj
C:\Users\abhende\documents\visual studio 2012\Projects\Win32 HGE\Win32 HGE\Debug\IResource.obj
C:\Users\abhende\documents\visual studio 2012\Projects\Win32 HGE\Win32 HGE\Debug\KeyboardInput.obj
C:\Users\abhende\documents\visual studio 2012\Projects\Win32 HGE\Win32 HGE\Debug\KeyEvent.obj
C:\Users\abhende\documents\visual studio 2012\Projects\Win32 HGE\Win32 HGE\Debug\KeyListener.obj
C:\Users\abhende\documents\visual studio 2012\Projects\Win32 HGE\Win32 HGE\Debug\Loader.obj
C:\Users\abhende\documents\visual studio 2012\Projects\Win32 HGE\Win32 HGE\Debug\LoadingState.obj
C:\Users\abhende\documents\visual studio 2012\Projects\Win32 HGE\Win32 HGE\Debug\LoadResourcesEvent.obj
C:\Users\abhende\documents\visual studio 2012\Projects\Win32 HGE\Win32 HGE\Debug\Main.obj
C:\Users\abhende\documents\visual studio 2012\Projects\Win32 HGE\Win32 HGE\Debug\MouseEvent.obj
C:\Users\abhende\documents\visual studio 2012\Projects\Win32 HGE\Win32 HGE\Debug\MouseInput.obj
C:\Users\abhende\documents\visual studio 2012\Projects\Win32 HGE\Win32 HGE\Debug\MovableEntity.obj
C:\Users\abhende\documents\visual studio 2012\Projects\Win32 HGE\Win32 HGE\Debug\MovableEntityList.obj
C:\Users\abhende\documents\visual studio 2012\Projects\Win32 HGE\Win32 HGE\Debug\Options.obj
C:\Users\abhende\documents\visual studio 2012\Projects\Win32 HGE\Win32 HGE\Debug\Particle.obj
C:\Users\abhende\documents\visual studio 2012\Projects\Win32 HGE\Win32 HGE\Debug\Player.obj
C:\Users\abhende\documents\visual studio 2012\Projects\Win32 HGE\Win32 HGE\Debug\Player2.obj
C:\Users\abhende\documents\visual studio 2012\Projects\Win32 HGE\Win32 HGE\Debug\PlayerManager.obj
C:\Users\abhende\documents\visual studio 2012\Projects\Win32 HGE\Win32 HGE\Debug\precompiled.obj
C:\Users\abhende\documents\visual studio 2012\Projects\Win32 HGE\Win32 HGE\Debug\ResourceLoadingCompletedEvent.obj
C:\Users\abhende\documents\visual studio 2012\Projects\Win32 HGE\Win32 HGE\Debug\ResourceManager.obj
C:\Users\abhende\documents\visual studio 2012\Projects\Win32 HGE\Win32 HGE\Debug\ResourceRequest.obj
C:\Users\abhende\documents\visual studio 2012\Projects\Win32 HGE\Win32 HGE\Debug\ScoreManager.obj
C:\Users\abhende\documents\visual studio 2012\Projects\Win32 HGE\Win32 HGE\Debug\Sprite.obj
C:\Users\abhende\documents\visual studio 2012\Projects\Win32 HGE\Win32 HGE\Debug\StateIdentifier.obj
C:\Users\abhende\documents\visual studio 2012\Projects\Win32 HGE\Win32 HGE\Debug\Texture.obj
C:\Users\abhende\documents\visual studio 2012\Projects\Win32 HGE\Win32 HGE\Debug\Timer.obj
C:\Users\abhende\documents\visual studio 2012\Projects\Win32 HGE\Win32 HGE\Debug\Utils.obj
C:\Users\abhende\documents\visual studio 2012\Projects\Win32 HGE\Win32 HGE\Debug\cl.command.1.tlog
C:\Users\abhende\documents\visual studio 2012\Projects\Win32 HGE\Win32 HGE\Debug\CL.read.1.tlog
C:\Users\abhende\documents\visual studio 2012\Projects\Win32 HGE\Win32 HGE\Debug\CL.write.1.tlog
C:\Users\abhende\documents\visual studio 2012\Projects\Win32 HGE\Win32 HGE\Debug\link-cvtres.read.1.tlog
C:\Users\abhende\documents\visual studio 2012\Projects\Win32 HGE\Win32 HGE\Debug\link-cvtres.write.1.tlog
C:\Users\abhende\documents\visual studio 2012\Projects\Win32 HGE\Win32 HGE\Debug\link-rc.read.1.tlog
C:\Users\abhende\documents\visual studio 2012\Projects\Win32 HGE\Win32 HGE\Debug\link-rc.write.1.tlog
C:\Users\abhende\documents\visual studio 2012\Projects\Win32 HGE\Win32 HGE\Debug\link.10120-cvtres.read.1.tlog
C:\Users\abhende\documents\visual studio 2012\Projects\Win32 HGE\Win32 HGE\Debug\link.10120-cvtres.write.1.tlog
C:\Users\abhende\documents\visual studio 2012\Projects\Win32 HGE\Win32 HGE\Debug\link.10120-rc.read.1.tlog
C:\Users\abhende\documents\visual studio 2012\Projects\Win32 HGE\Win32 HGE\Debug\link.10120-rc.write.1.tlog
C:\Users\abhende\documents\visual studio 2012\Projects\Win32 HGE\Win32 HGE\Debug\link.10120.read.1.tlog
C:\Users\abhende\documents\visual studio 2012\Projects\Win32 HGE\Win32 HGE\Debug\link.10120.write.1.tlog
C:\Users\abhende\documents\visual studio 2012\Projects\Win32 HGE\Win32 HGE\Debug\link.10284-cvtres.read.1.tlog
C:\Users\abhende\documents\visual studio 2012\Projects\Win32 HGE\Win32 HGE\Debug\link.10284-cvtres.write.1.tlog
C:\Users\abhende\documents\visual studio 2012\Projects\Win32 HGE\Win32 HGE\Debug\link.10284-rc.read.1.tlog
C:\Users\abhende\documents\visual studio 2012\Projects\Win32 HGE\Win32 HGE\Debug\link.10284-rc.write.1.tlog
C:\Users\abhende\documents\visual studio 2012\Projects\Win32 HGE\Win32 HGE\Debug\link.10284.read.1.tlog
C:\Users\abhende\documents\visual studio 2012\Projects\Win32 HGE\Win32 HGE\Debug\link.10284.write.1.tlog
C:\Users\abhende\documents\visual studio 2012\Projects\Win32 HGE\Win32 HGE\Debug\link.10316-cvtres.read.1.tlog
C:\Users\abhende\documents\visual studio 2012\Projects\Win32 HGE\Win32 HGE\Debug\link.10316-cvtres.write.1.tlog
C:\Users\abhende\documents\visual studio 2012\Projects\Win32 HGE\Win32 HGE\Debug\link.10316-rc.read.1.tlog
C:\Users\abhende\documents\visual studio 2012\Projects\Win32 HGE\Win32 HGE\Debug\link.10316-rc.write.1.tlog
C:\Users\abhende\documents\visual studio 2012\Projects\Win32 HGE\Win32 HGE\Debug\link.10316.read.1.tlog
C:\Users\abhende\documents\visual studio 2012\Projects\Win32 HGE\Win32 HGE\Debug\link.10316.write.1.tlog
C:\Users\abhende\documents\visual studio 2012\Projects\Win32 HGE\Win32 HGE\Debug\link.10360-cvtres.read.1.tlog
C:\Users\abhende\documents\visual studio 2012\Projects\Win32 HGE\Win32 HGE\Debug\link.10360-cvtres.write.1.tlog
C:\Users\abhende\documents\visual studio 2012\Projects\Win32 HGE\Win32 HGE\Debug\link.10360-rc.read.1.tlog
C:\Users\abhende\documents\visual studio 2012\Projects\Win32 HGE\Win32 HGE\Debug\link.10360-rc.write.1.tlog
C:\Users\abhende\documents\visual studio 2012\Projects\Win32 HGE\Win32 HGE\Debug\link.10360.read.1.tlog
C:\Users\abhende\documents\visual studio 2012\Projects\Win32 HGE\Win32 HGE\Debug\link.10360.write.1.tlog
C:\Users\abhende\documents\visual studio 2012\Projects\Win32 HGE\Win32 HGE\Debug\link.1044-cvtres.read.1.tlog
C:\Users\abhende\documents\visual studio 2012\Projects\Win32 HGE\Win32 HGE\Debug\link.1044-cvtres.write.1.tlog
C:\Users\abhende\documents\visual studio 2012\Projects\Win32 HGE\Win32 HGE\Debug\link.1044-rc.read.1.tlog
C:\Users\abhende\documents\visual studio 2012\Projects\Win32 HGE\Win32 HGE\Debug\link.1044-rc.write.1.tlog
C:\Users\abhende\documents\visual studio 2012\Projects\Win32 HGE\Win32 HGE\Debug\link.1044.read.1.tlog
C:\Users\abhende\documents\visual studio 2012\Projects\Win32 HGE\Win32 HGE\Debug\link.1044.write.1.tlog
C:\Users\abhende\documents\visual studio 2012\Projects\Win32 HGE\Win32 HGE\Debug\link.10708-cvtres.read.1.tlog
C:\Users\abhende\documents\visual studio 2012\Projects\Win32 HGE\Win32 HGE\Debug\link.10708-cvtres.write.1.tlog
C:\Users\abhende\documents\visual studio 2012\Projects\Win32 HGE\Win32 HGE\Debug\link.10708-rc.read.1.tlog
C:\Users\abhende\documents\visual studio 2012\Projects\Win32 HGE\Win32 HGE\Debug\link.10708-rc.write.1.tlog
C:\Users\abhende\documents\visual studio 2012\Projects\Win32 HGE\Win32 HGE\Debug\link.10708.read.1.tlog
C:\Users\abhende\documents\visual studio 2012\Projects\Win32 HGE\Win32 HGE\Debug\link.10708.write.1.tlog
C:\Users\abhende\documents\visual studio 2012\Projects\Win32 HGE\Win32 HGE\Debug\link.1080-cvtres.read.1.tlog
C:\Users\abhende\documents\visual studio 2012\Projects\Win32 HGE\Win32 HGE\Debug\link.1080-cvtres.write.1.tlog
C:\Users\abhende\documents\visual studio 2012\Projects\Win32 HGE\Win32 HGE\Debug\link.1080-rc.read.1.tlog
C:\Users\abhende\documents\visual studio 2012\Projects\Win32 HGE\Win32 HGE\Debug\link.1080-rc.write.1.tlog
C:\Users\abhende\documents\visual studio 2012\Projects\Win32 HGE\Win32 HGE\Debug\link.1080.read.1.tlog
C:\Users\abhende\documents\visual studio 2012\Projects\Win32 HGE\Win32 HGE\Debug\link.1080.write.1.tlog
C:\Users\abhende\documents\visual studio 2012\Projects\Win32 HGE\Win32 HGE\Debug\link.10820-cvtres.read.1.tlog
C:\Users\abhende\documents\visual studio 2012\Projects\Win32 HGE\Win32 HGE\Debug\link.10820-cvtres.write.1.tlog
C:\Users\abhende\documents\visual studio 2012\Projects\Win32 HGE\Win32 HGE\Debug\link.10820-rc.read.1.tlog
C:\Users\abhende\documents\visual studio 2012\Projects\Win32 HGE\Win32 HGE\Debug\link.10820-rc.write.1.tlog
C:\Users\abhende\documents\visual studio 2012\Projects\Win32 HGE\Win32 HGE\Debug\link.10820.read.1.tlog
C:\Users\abhende\documents\visual studio 2012\Projects\Win32 HGE\Win32 HGE\Debug\link.10820.write.1.tlog
C:\Users\abhende\documents\visual studio 2012\Projects\Win32 HGE\Win32 HGE\Debug\link.10996-cvtres.read.1.tlog
C:\Users\abhende\documents\visual studio 2012\Projects\Win32 HGE\Win32 HGE\Debug\link.10996-cvtres.write.1.tlog
C:\Users\abhende\documents\visual studio 2012\Projects\Win32 HGE\Win32 HGE\Debug\link.10996-rc.read.1.tlog
C:\Users\abhende\documents\visual studio 2012\Projects\Win32 HGE\Win32 HGE\Debug\link.10996-rc.write.1.tlog
C:\Users\abhende\documents\visual studio 2012\Projects\Win32 HGE\Win32 HGE\Debug\link.10996.read.1.tlog
C:\Users\abhende\documents\visual studio 2012\Projects\Win32 HGE\Win32 HGE\Debug\link.10996.write.1.tlog
C:\Users\abhende\documents\visual studio 2012\Projects\Win32 HGE\Win32 HGE\Debug\link.11132-cvtres.read.1.tlog
C:\Users\abhende\documents\visual studio 2012\Projects\Win32 HGE\Win32 HGE\Debug\link.11132-cvtres.write.1.tlog
C:\Users\abhende\documents\visual studio 2012\Projects\Win32 HGE\Win32 HGE\Debug\link.11132-rc.read.1.tlog
C:\Users\abhende\documents\visual studio 2012\Projects\Win32 HGE\Win32 HGE\Debug\link.11132-rc.write.1.tlog
C:\Users\abhende\documents\visual studio 2012\Projects\Win32 HGE\Win32 HGE\Debug\link.11132.read.1.tlog
C:\Users\abhende\documents\visual studio 2012\Projects\Win32 HGE\Win32 HGE\Debug\link.11132.write.1.tlog
C:\Users\abhende\documents\visual studio 2012\Projects\Win32 HGE\Win32 HGE\Debug\link.1116-cvtres.read.1.tlog
C:\Users\abhende\documents\visual studio 2012\Projects\Win32 HGE\Win32 HGE\Debug\link.1116-cvtres.write.1.tlog
C:\Users\abhende\documents\visual studio 2012\Projects\Win32 HGE\Win32 HGE\Debug\link.1116-rc.read.1.tlog
C:\Users\abhende\documents\visual studio 2012\Projects\Win32 HGE\Win32 HGE\Debug\link.1116-rc.write.1.tlog
C:\Users\abhende\documents\visual studio 2012\Projects\Win32 HGE\Win32 HGE\Debug\link.1116.read.1.tlog
C:\Users\abhende\documents\visual studio 2012\Projects\Win32 HGE\Win32 HGE\Debug\link.1116.write.1.tlog
C:\Users\abhende\documents\visual studio 2012\Projects\Win32 HGE\Win32 HGE\Debug\link.11640-cvtres.read.1.tlog
C:\Users\abhende\documents\visual studio 2012\Projects\Win32 HGE\Win32 HGE\Debug\link.11640-cvtres.write.1.tlog
C:\Users\abhende\documents\visual studio 2012\Projects\Win32 HGE\Win32 HGE\Debug\link.11640-rc.read.1.tlog
C:\Users\abhende\documents\visual studio 2012\Projects\Win32 HGE\Win32 HGE\Debug\link.11640-rc.write.1.tlog
C:\Users\abhende\documents\visual studio 2012\Projects\Win32 HGE\Win32 HGE\Debug\link.11640.read.1.tlog
C:\Users\abhende\documents\visual studio 2012\Projects\Win32 HGE\Win32 HGE\Debug\link.11640.write.1.tlog
C:\Users\abhende\documents\visual studio 2012\Projects\Win32 HGE\Win32 HGE\Debug\link.11704-cvtres.read.1.tlog
C:\Users\abhende\documents\visual studio 2012\Projects\Win32 HGE\Win32 HGE\Debug\link.11704-cvtres.write.1.tlog
C:\Users\abhende\documents\visual studio 2012\Projects\Win32 HGE\Win32 HGE\Debug\link.11704-rc.read.1.tlog
C:\Users\abhende\documents\visual studio 2012\Projects\Win32 HGE\Win32 HGE\Debug\link.11704-rc.write.1.tlog
C:\Users\abhende\documents\visual studio 2012\Projects\Win32 HGE\Win32 HGE\Debug\link.11704.read.1.tlog
C:\Users\abhende\documents\visual studio 2012\Projects\Win32 HGE\Win32 HGE\Debug\link.11704.write.1.tlog
C:\Users\abhende\documents\visual studio 2012\Projects\Win32 HGE\Win32 HGE\Debug\link.11736-cvtres.read.1.tlog
C:\Users\abhende\documents\visual studio 2012\Projects\Win32 HGE\Win32 HGE\Debug\link.11736-cvtres.write.1.tlog
C:\Users\abhende\documents\visual studio 2012\Projects\Win32 HGE\Win32 HGE\Debug\link.11736-rc.read.1.tlog
C:\Users\abhende\documents\visual studio 2012\Projects\Win32 HGE\Win32 HGE\Debug\link.11736-rc.write.1.tlog
C:\Users\abhende\documents\visual studio 2012\Projects\Win32 HGE\Win32 HGE\Debug\link.11736.read.1.tlog
C:\Users\abhende\documents\visual studio 2012\Projects\Win32 HGE\Win32 HGE\Debug\link.11736.write.1.tlog
C:\Users\abhende\documents\visual studio 2012\Projects\Win32 HGE\Win32 HGE\Debug\link.11840-cvtres.read.1.tlog
C:\Users\abhende\documents\visual studio 2012\Projects\Win32 HGE\Win32 HGE\Debug\link.11840-cvtres.write.1.tlog
C:\Users\abhende\documents\visual studio 2012\Projects\Win32 HGE\Win32 HGE\Debug\link.11840-rc.read.1.tlog
C:\Users\abhende\documents\visual studio 2012\Projects\Win32 HGE\Win32 HGE\Debug\link.11840-rc.write.1.tlog
C:\Users\abhende\documents\visual studio 2012\Projects\Win32 HGE\Win32 HGE\Debug\link.11840.read.1.tlog
C:\Users\abhende\documents\visual studio 2012\Projects\Win32 HGE\Win32 HGE\Debug\link.11840.write.1.tlog
C:\Users\abhende\documents\visual studio 2012\Projects\Win32 HGE\Win32 HGE\Debug\link.12088-cvtres.read.1.tlog
C:\Users\abhende\documents\visual studio 2012\Projects\Win32 HGE\Win32 HGE\Debug\link.12088-cvtres.write.1.tlog
C:\Users\abhende\documents\visual studio 2012\Projects\Win32 HGE\Win32 HGE\Debug\link.12088-rc.read.1.tlog
C:\Users\abhende\documents\visual studio 2012\Projects\Win32 HGE\Win32 HGE\Debug\link.12088-rc.write.1.tlog
C:\Users\abhende\documents\visual studio 2012\Projects\Win32 HGE\Win32 HGE\Debug\link.12088.read.1.tlog
C:\Users\abhende\documents\visual studio 2012\Projects\Win32 HGE\Win32 HGE\Debug\link.12088.write.1.tlog
C:\Users\abhende\documents\visual studio 2012\Projects\Win32 HGE\Win32 HGE\Debug\link.12196-cvtres.read.1.tlog
C:\Users\abhende\documents\visual studio 2012\Projects\Win32 HGE\Win32 HGE\Debug\link.12196-cvtres.write.1.tlog
C:\Users\abhende\documents\visual studio 2012\Projects\Win32 HGE\Win32 HGE\Debug\link.12196-rc.read.1.tlog
C:\Users\abhende\documents\visual studio 2012\Projects\Win32 HGE\Win32 HGE\Debug\link.12196-rc.write.1.tlog
C:\Users\abhende\documents\visual studio 2012\Projects\Win32 HGE\Win32 HGE\Debug\link.12196.read.1.tlog
C:\Users\abhende\documents\visual studio 2012\Projects\Win32 HGE\Win32 HGE\Debug\link.12196.write.1.tlog
C:\Users\abhende\documents\visual studio 2012\Projects\Win32 HGE\Win32 HGE\Debug\link.12240-cvtres.read.1.tlog
C:\Users\abhende\documents\visual studio 2012\Projects\Win32 HGE\Win32 HGE\Debug\link.12240-cvtres.write.1.tlog
C:\Users\abhende\documents\visual studio 2012\Projects\Win32 HGE\Win32 HGE\Debug\link.12240-rc.read.1.tlog
C:\Users\abhende\documents\visual studio 2012\Projects\Win32 HGE\Win32 HGE\Debug\link.12240-rc.write.1.tlog
C:\Users\abhende\documents\visual studio 2012\Projects\Win32 HGE\Win32 HGE\Debug\link.12240.read.1.tlog
C:\Users\abhende\documents\visual studio 2012\Projects\Win32 HGE\Win32 HGE\Debug\link.12240.write.1.tlog
C:\Users\abhende\documents\visual studio 2012\Projects\Win32 HGE\Win32 HGE\Debug\link.1488-cvtres.read.1.tlog
C:\Users\abhende\documents\visual studio 2012\Projects\Win32 HGE\Win32 HGE\Debug\link.1488-cvtres.write.1.tlog
C:\Users\abhende\documents\visual studio 2012\Projects\Win32 HGE\Win32 HGE\Debug\link.1488-rc.read.1.tlog
C:\Users\abhende\documents\visual studio 2012\Projects\Win32 HGE\Win32 HGE\Debug\link.1488-rc.write.1.tlog
C:\Users\abhende\documents\visual studio 2012\Projects\Win32 HGE\Win32 HGE\Debug\link.1488.read.1.tlog
C:\Users\abhende\documents\visual studio 2012\Projects\Win32 HGE\Win32 HGE\Debug\link.1488.write.1.tlog
C:\Users\abhende\documents\visual studio 2012\Projects\Win32 HGE\Win32 HGE\Debug\link.1860-cvtres.read.1.tlog
C:\Users\abhende\documents\visual studio 2012\Projects\Win32 HGE\Win32 HGE\Debug\link.1860-cvtres.write.1.tlog
C:\Users\abhende\documents\visual studio 2012\Projects\Win32 HGE\Win32 HGE\Debug\link.1860-rc.read.1.tlog
C:\Users\abhende\documents\visual studio 2012\Projects\Win32 HGE\Win32 HGE\Debug\link.1860-rc.write.1.tlog
C:\Users\abhende\documents\visual studio 2012\Projects\Win32 HGE\Win32 HGE\Debug\link.1860.read.1.tlog
C:\Users\abhende\documents\visual studio 2012\Projects\Win32 HGE\Win32 HGE\Debug\link.1860.write.1.tlog
C:\Users\abhende\documents\visual studio 2012\Projects\Win32 HGE\Win32 HGE\Debug\link.1976-cvtres.read.1.tlog
C:\Users\abhende\documents\visual studio 2012\Projects\Win32 HGE\Win32 HGE\Debug\link.1976-cvtres.write.1.tlog
C:\Users\abhende\documents\visual studio 2012\Projects\Win32 HGE\Win32 HGE\Debug\link.1976-rc.read.1.tlog
C:\Users\abhende\documents\visual studio 2012\Projects\Win32 HGE\Win32 HGE\Debug\link.1976-rc.write.1.tlog
C:\Users\abhende\documents\visual studio 2012\Projects\Win32 HGE\Win32 HGE\Debug\link.1976.read.1.tlog
C:\Users\abhende\documents\visual studio 2012\Projects\Win32 HGE\Win32 HGE\Debug\link.1976.write.1.tlog
C:\Users\abhende\documents\visual studio 2012\Projects\Win32 HGE\Win32 HGE\Debug\link.2288-cvtres.read.1.tlog
C:\Users\abhende\documents\visual studio 2012\Projects\Win32 HGE\Win32 HGE\Debug\link.2288-cvtres.write.1.tlog
C:\Users\abhende\documents\visual studio 2012\Projects\Win32 HGE\Win32 HGE\Debug\link.2288-rc.read.1.tlog
C:\Users\abhende\documents\visual studio 2012\Projects\Win32 HGE\Win32 HGE\Debug\link.2288-rc.write.1.tlog
C:\Users\abhende\documents\visual studio 2012\Projects\Win32 HGE\Win32 HGE\Debug\link.2288.read.1.tlog
C:\Users\abhende\documents\visual studio 2012\Projects\Win32 HGE\Win32 HGE\Debug\link.2288.write.1.tlog
C:\Users\abhende\documents\visual studio 2012\Projects\Win32 HGE\Win32 HGE\Debug\link.3000-cvtres.read.1.tlog
C:\Users\abhende\documents\visual studio 2012\Projects\Win32 HGE\Win32 HGE\Debug\link.3000-cvtres.write.1.tlog
C:\Users\abhende\documents\visual studio 2012\Projects\Win32 HGE\Win32 HGE\Debug\link.3000-rc.read.1.tlog
C:\Users\abhende\documents\visual studio 2012\Projects\Win32 HGE\Win32 HGE\Debug\link.3000-rc.write.1.tlog
C:\Users\abhende\documents\visual studio 2012\Projects\Win32 HGE\Win32 HGE\Debug\link.3000.read.1.tlog
C:\Users\abhende\documents\visual studio 2012\Projects\Win32 HGE\Win32 HGE\Debug\link.3000.write.1.tlog
C:\Users\abhende\documents\visual studio 2012\Projects\Win32 HGE\Win32 HGE\Debug\link.3036-cvtres.read.1.tlog
C:\Users\abhende\documents\visual studio 2012\Projects\Win32 HGE\Win32 HGE\Debug\link.3036-cvtres.write.1.tlog
C:\Users\abhende\documents\visual studio 2012\Projects\Win32 HGE\Win32 HGE\Debug\link.3036-rc.read.1.tlog
C:\Users\abhende\documents\visual studio 2012\Projects\Win32 HGE\Win32 HGE\Debug\link.3036-rc.write.1.tlog
C:\Users\abhende\documents\visual studio 2012\Projects\Win32 HGE\Win32 HGE\Debug\link.3036.read.1.tlog
C:\Users\abhende\documents\visual studio 2012\Projects\Win32 HGE\Win32 HGE\Debug\link.3036.write.1.tlog
C:\Users\abhende\documents\visual studio 2012\Projects\Win32 HGE\Win32 HGE\Debug\link.3204-cvtres.read.1.tlog
C:\Users\abhende\documents\visual studio 2012\Projects\Win32 HGE\Win32 HGE\Debug\link.3204-cvtres.write.1.tlog
C:\Users\abhende\documents\visual studio 2012\Projects\Win32 HGE\Win32 HGE\Debug\link.3204-rc.read.1.tlog
C:\Users\abhende\documents\visual studio 2012\Projects\Win32 HGE\Win32 HGE\Debug\link.3204-rc.write.1.tlog
C:\Users\abhende\documents\visual studio 2012\Projects\Win32 HGE\Win32 HGE\Debug\link.3204.read.1.tlog
C:\Users\abhende\documents\visual studio 2012\Projects\Win32 HGE\Win32 HGE\Debug\link.3204.write.1.tlog
C:\Users\abhende\documents\visual studio 2012\Projects\Win32 HGE\Win32 HGE\Debug\link.3820-cvtres.read.1.tlog
C:\Users\abhende\documents\visual studio 2012\Projects\Win32 HGE\Win32 HGE\Debug\link.3820-cvtres.write.1.tlog
C:\Users\abhende\documents\visual studio 2012\Projects\Win32 HGE\Win32 HGE\Debug\link.3820-rc.read.1.tlog
C:\Users\abhende\documents\visual studio 2012\Projects\Win32 HGE\Win32 HGE\Debug\link.3820-rc.write.1.tlog
C:\Users\abhende\documents\visual studio 2012\Projects\Win32 HGE\Win32 HGE\Debug\link.3820.read.1.tlog
C:\Users\abhende\documents\visual studio 2012\Projects\Win32 HGE\Win32 HGE\Debug\link.3820.write.1.tlog
C:\Users\abhende\documents\visual studio 2012\Projects\Win32 HGE\Win32 HGE\Debug\link.3832-cvtres.read.1.tlog
C:\Users\abhende\documents\visual studio 2012\Projects\Win32 HGE\Win32 HGE\Debug\link.3832-cvtres.write.1.tlog
C:\Users\abhende\documents\visual studio 2012\Projects\Win32 HGE\Win32 HGE\Debug\link.3832-rc.read.1.tlog
C:\Users\abhende\documents\visual studio 2012\Projects\Win32 HGE\Win32 HGE\Debug\link.3832-rc.write.1.tlog
C:\Users\abhende\documents\visual studio 2012\Projects\Win32 HGE\Win32 HGE\Debug\link.3832.read.1.tlog
C:\Users\abhende\documents\visual studio 2012\Projects\Win32 HGE\Win32 HGE\Debug\link.3832.write.1.tlog
C:\Users\abhende\documents\visual studio 2012\Projects\Win32 HGE\Win32 HGE\Debug\link.3940-cvtres.read.1.tlog
C:\Users\abhende\documents\visual studio 2012\Projects\Win32 HGE\Win32 HGE\Debug\link.3940-cvtres.write.1.tlog
C:\Users\abhende\documents\visual studio 2012\Projects\Win32 HGE\Win32 HGE\Debug\link.3940-rc.read.1.tlog
C:\Users\abhende\documents\visual studio 2012\Projects\Win32 HGE\Win32 HGE\Debug\link.3940-rc.write.1.tlog
C:\Users\abhende\documents\visual studio 2012\Projects\Win32 HGE\Win32 HGE\Debug\link.3940.read.1.tlog
C:\Users\abhende\documents\visual studio 2012\Projects\Win32 HGE\Win32 HGE\Debug\link.3940.write.1.tlog
C:\Users\abhende\documents\visual studio 2012\Projects\Win32 HGE\Win32 HGE\Debug\link.3984-cvtres.read.1.tlog
C:\Users\abhende\documents\visual studio 2012\Projects\Win32 HGE\Win32 HGE\Debug\link.3984-cvtres.write.1.tlog
C:\Users\abhende\documents\visual studio 2012\Projects\Win32 HGE\Win32 HGE\Debug\link.3984-rc.read.1.tlog
C:\Users\abhende\documents\visual studio 2012\Projects\Win32 HGE\Win32 HGE\Debug\link.3984-rc.write.1.tlog
C:\Users\abhende\documents\visual studio 2012\Projects\Win32 HGE\Win32 HGE\Debug\link.3984.read.1.tlog
C:\Users\abhende\documents\visual studio 2012\Projects\Win32 HGE\Win32 HGE\Debug\link.3984.write.1.tlog
C:\Users\abhende\documents\visual studio 2012\Projects\Win32 HGE\Win32 HGE\Debug\link.4216-cvtres.read.1.tlog
C:\Users\abhende\documents\visual studio 2012\Projects\Win32 HGE\Win32 HGE\Debug\link.4216-cvtres.write.1.tlog
C:\Users\abhende\documents\visual studio 2012\Projects\Win32 HGE\Win32 HGE\Debug\link.4216-rc.read.1.tlog
C:\Users\abhende\documents\visual studio 2012\Projects\Win32 HGE\Win32 HGE\Debug\link.4216-rc.write.1.tlog
C:\Users\abhende\documents\visual studio 2012\Projects\Win32 HGE\Win32 HGE\Debug\link.4216.read.1.tlog
C:\Users\abhende\documents\visual studio 2012\Projects\Win32 HGE\Win32 HGE\Debug\link.4216.write.1.tlog
C:\Users\abhende\documents\visual studio 2012\Projects\Win32 HGE\Win32 HGE\Debug\link.4340-cvtres.read.1.tlog
C:\Users\abhende\documents\visual studio 2012\Projects\Win32 HGE\Win32 HGE\Debug\link.4340-cvtres.write.1.tlog
C:\Users\abhende\documents\visual studio 2012\Projects\Win32 HGE\Win32 HGE\Debug\link.4340-rc.read.1.tlog
C:\Users\abhende\documents\visual studio 2012\Projects\Win32 HGE\Win32 HGE\Debug\link.4340-rc.write.1.tlog
C:\Users\abhende\documents\visual studio 2012\Projects\Win32 HGE\Win32 HGE\Debug\link.4340.read.1.tlog
C:\Users\abhende\documents\visual studio 2012\Projects\Win32 HGE\Win32 HGE\Debug\link.4340.write.1.tlog
C:\Users\abhende\documents\visual studio 2012\Projects\Win32 HGE\Win32 HGE\Debug\link.4396-cvtres.read.1.tlog
C:\Users\abhende\documents\visual studio 2012\Projects\Win32 HGE\Win32 HGE\Debug\link.4396-cvtres.write.1.tlog
C:\Users\abhende\documents\visual studio 2012\Projects\Win32 HGE\Win32 HGE\Debug\link.4396-rc.read.1.tlog
C:\Users\abhende\documents\visual studio 2012\Projects\Win32 HGE\Win32 HGE\Debug\link.4396-rc.write.1.tlog
C:\Users\abhende\documents\visual studio 2012\Projects\Win32 HGE\Win32 HGE\Debug\link.4396.read.1.tlog
C:\Users\abhende\documents\visual studio 2012\Projects\Win32 HGE\Win32 HGE\Debug\link.4396.write.1.tlog
C:\Users\abhende\documents\visual studio 2012\Projects\Win32 HGE\Win32 HGE\Debug\link.4468-cvtres.read.1.tlog
C:\Users\abhende\documents\visual studio 2012\Projects\Win32 HGE\Win32 HGE\Debug\link.4468-cvtres.write.1.tlog
C:\Users\abhende\documents\visual studio 2012\Projects\Win32 HGE\Win32 HGE\Debug\link.4468-rc.read.1.tlog
C:\Users\abhende\documents\visual studio 2012\Projects\Win32 HGE\Win32 HGE\Debug\link.4468-rc.write.1.tlog
C:\Users\abhende\documents\visual studio 2012\Projects\Win32 HGE\Win32 HGE\Debug\link.4468.read.1.tlog
C:\Users\abhende\documents\visual studio 2012\Projects\Win32 HGE\Win32 HGE\Debug\link.4468.write.1.tlog
C:\Users\abhende\documents\visual studio 2012\Projects\Win32 HGE\Win32 HGE\Debug\link.4640-cvtres.read.1.tlog
C:\Users\abhende\documents\visual studio 2012\Projects\Win32 HGE\Win32 HGE\Debug\link.4640-cvtres.write.1.tlog
C:\Users\abhende\documents\visual studio 2012\Projects\Win32 HGE\Win32 HGE\Debug\link.4640-rc.read.1.tlog
C:\Users\abhende\documents\visual studio 2012\Projects\Win32 HGE\Win32 HGE\Debug\link.4640-rc.write.1.tlog
C:\Users\abhende\documents\visual studio 2012\Projects\Win32 HGE\Win32 HGE\Debug\link.4640.read.1.tlog
C:\Users\abhende\documents\visual studio 2012\Projects\Win32 HGE\Win32 HGE\Debug\link.4640.write.1.tlog
C:\Users\abhende\documents\visual studio 2012\Projects\Win32 HGE\Win32 HGE\Debug\link.4768-cvtres.read.1.tlog
C:\Users\abhende\documents\visual studio 2012\Projects\Win32 HGE\Win32 HGE\Debug\link.4768-cvtres.write.1.tlog
C:\Users\abhende\documents\visual studio 2012\Projects\Win32 HGE\Win32 HGE\Debug\link.4768-rc.read.1.tlog
C:\Users\abhende\documents\visual studio 2012\Projects\Win32 HGE\Win32 HGE\Debug\link.4768-rc.write.1.tlog
C:\Users\abhende\documents\visual studio 2012\Projects\Win32 HGE\Win32 HGE\Debug\link.4768.read.1.tlog
C:\Users\abhende\documents\visual studio 2012\Projects\Win32 HGE\Win32 HGE\Debug\link.4768.write.1.tlog
C:\Users\abhende\documents\visual studio 2012\Projects\Win32 HGE\Win32 HGE\Debug\link.4800-cvtres.read.1.tlog
C:\Users\abhende\documents\visual studio 2012\Projects\Win32 HGE\Win32 HGE\Debug\link.4800-cvtres.write.1.tlog
C:\Users\abhende\documents\visual studio 2012\Projects\Win32 HGE\Win32 HGE\Debug\link.4800-rc.read.1.tlog
C:\Users\abhende\documents\visual studio 2012\Projects\Win32 HGE\Win32 HGE\Debug\link.4800-rc.write.1.tlog
C:\Users\abhende\documents\visual studio 2012\Projects\Win32 HGE\Win32 HGE\Debug\link.4800.read.1.tlog
C:\Users\abhende\documents\visual studio 2012\Projects\Win32 HGE\Win32 HGE\Debug\link.4800.write.1.tlog
C:\Users\abhende\documents\visual studio 2012\Projects\Win32 HGE\Win32 HGE\Debug\link.4844-cvtres.read.1.tlog
C:\Users\abhende\documents\visual studio 2012\Projects\Win32 HGE\Win32 HGE\Debug\link.4844-cvtres.write.1.tlog
C:\Users\abhende\documents\visual studio 2012\Projects\Win32 HGE\Win32 HGE\Debug\link.4844-rc.read.1.tlog
C:\Users\abhende\documents\visual studio 2012\Projects\Win32 HGE\Win32 HGE\Debug\link.4844-rc.write.1.tlog
C:\Users\abhende\documents\visual studio 2012\Projects\Win32 HGE\Win32 HGE\Debug\link.4844.read.1.tlog
C:\Users\abhende\documents\visual studio 2012\Projects\Win32 HGE\Win32 HGE\Debug\link.4844.write.1.tlog
C:\Users\abhende\documents\visual studio 2012\Projects\Win32 HGE\Win32 HGE\Debug\link.4960-cvtres.read.1.tlog
C:\Users\abhende\documents\visual studio 2012\Projects\Win32 HGE\Win32 HGE\Debug\link.4960-cvtres.write.1.tlog
C:\Users\abhende\documents\visual studio 2012\Projects\Win32 HGE\Win32 HGE\Debug\link.4960-rc.read.1.tlog
C:\Users\abhende\documents\visual studio 2012\Projects\Win32 HGE\Win32 HGE\Debug\link.4960-rc.write.1.tlog
C:\Users\abhende\documents\visual studio 2012\Projects\Win32 HGE\Win32 HGE\Debug\link.4960.read.1.tlog
C:\Users\abhende\documents\visual studio 2012\Projects\Win32 HGE\Win32 HGE\Debug\link.4960.write.1.tlog
C:\Users\abhende\documents\visual studio 2012\Projects\Win32 HGE\Win32 HGE\Debug\link.5040-cvtres.read.1.tlog
C:\Users\abhende\documents\visual studio 2012\Projects\Win32 HGE\Win32 HGE\Debug\link.5040-cvtres.write.1.tlog
C:\Users\abhende\documents\visual studio 2012\Projects\Win32 HGE\Win32 HGE\Debug\link.5040-rc.read.1.tlog
C:\Users\abhende\documents\visual studio 2012\Projects\Win32 HGE\Win32 HGE\Debug\link.5040-rc.write.1.tlog
C:\Users\abhende\documents\visual studio 2012\Projects\Win32 HGE\Win32 HGE\Debug\link.5040.read.1.tlog
C:\Users\abhende\documents\visual studio 2012\Projects\Win32 HGE\Win32 HGE\Debug\link.5040.write.1.tlog
C:\Users\abhende\documents\visual studio 2012\Projects\Win32 HGE\Win32 HGE\Debug\link.5088-cvtres.read.1.tlog
C:\Users\abhende\documents\visual studio 2012\Projects\Win32 HGE\Win32 HGE\Debug\link.5088-cvtres.write.1.tlog
C:\Users\abhende\documents\visual studio 2012\Projects\Win32 HGE\Win32 HGE\Debug\link.5088-rc.read.1.tlog
C:\Users\abhende\documents\visual studio 2012\Projects\Win32 HGE\Win32 HGE\Debug\link.5088-rc.write.1.tlog
C:\Users\abhende\documents\visual studio 2012\Projects\Win32 HGE\Win32 HGE\Debug\link.5088.read.1.tlog
C:\Users\abhende\documents\visual studio 2012\Projects\Win32 HGE\Win32 HGE\Debug\link.5088.write.1.tlog
C:\Users\abhende\documents\visual studio 2012\Projects\Win32 HGE\Win32 HGE\Debug\link.5168-cvtres.read.1.tlog
C:\Users\abhende\documents\visual studio 2012\Projects\Win32 HGE\Win32 HGE\Debug\link.5168-cvtres.write.1.tlog
C:\Users\abhende\documents\visual studio 2012\Projects\Win32 HGE\Win32 HGE\Debug\link.5168-rc.read.1.tlog
C:\Users\abhende\documents\visual studio 2012\Projects\Win32 HGE\Win32 HGE\Debug\link.5168-rc.write.1.tlog
C:\Users\abhende\documents\visual studio 2012\Projects\Win32 HGE\Win32 HGE\Debug\link.5168.read.1.tlog
C:\Users\abhende\documents\visual studio 2012\Projects\Win32 HGE\Win32 HGE\Debug\link.5168.write.1.tlog
C:\Users\abhende\documents\visual studio 2012\Projects\Win32 HGE\Win32 HGE\Debug\link.5328-cvtres.read.1.tlog
C:\Users\abhende\documents\visual studio 2012\Projects\Win32 HGE\Win32 HGE\Debug\link.5328-cvtres.write.1.tlog
C:\Users\abhende\documents\visual studio 2012\Projects\Win32 HGE\Win32 HGE\Debug\link.5328-rc.read.1.tlog
C:\Users\abhende\documents\visual studio 2012\Projects\Win32 HGE\Win32 HGE\Debug\link.5328-rc.write.1.tlog
C:\Users\abhende\documents\visual studio 2012\Projects\Win32 HGE\Win32 HGE\Debug\link.5328.read.1.tlog
C:\Users\abhende\documents\visual studio 2012\Projects\Win32 HGE\Win32 HGE\Debug\link.5328.write.1.tlog
C:\Users\abhende\documents\visual studio 2012\Projects\Win32 HGE\Win32 HGE\Debug\link.5348-cvtres.read.1.tlog
C:\Users\abhende\documents\visual studio 2012\Projects\Win32 HGE\Win32 HGE\Debug\link.5348-cvtres.write.1.tlog
C:\Users\abhende\documents\visual studio 2012\Projects\Win32 HGE\Win32 HGE\Debug\link.5348-rc.read.1.tlog
C:\Users\abhende\documents\visual studio 2012\Projects\Win32 HGE\Win32 HGE\Debug\link.5348-rc.write.1.tlog
C:\Users\abhende\documents\visual studio 2012\Projects\Win32 HGE\Win32 HGE\Debug\link.5348.read.1.tlog
C:\Users\abhende\documents\visual studio 2012\Projects\Win32 HGE\Win32 HGE\Debug\link.5348.write.1.tlog
C:\Users\abhende\documents\visual studio 2012\Projects\Win32 HGE\Win32 HGE\Debug\link.5372-cvtres.read.1.tlog
C:\Users\abhende\documents\visual studio 2012\Projects\Win32 HGE\Win32 HGE\Debug\link.5372-cvtres.write.1.tlog
C:\Users\abhende\documents\visual studio 2012\Projects\Win32 HGE\Win32 HGE\Debug\link.5372-rc.read.1.tlog
C:\Users\abhende\documents\visual studio 2012\Projects\Win32 HGE\Win32 HGE\Debug\link.5372-rc.write.1.tlog
C:\Users\abhende\documents\visual studio 2012\Projects\Win32 HGE\Win32 HGE\Debug\link.5372.read.1.tlog
C:\Users\abhende\documents\visual studio 2012\Projects\Win32 HGE\Win32 HGE\Debug\link.5372.write.1.tlog
C:\Users\abhende\documents\visual studio 2012\Projects\Win32 HGE\Win32 HGE\Debug\link.5496-cvtres.read.1.tlog
C:\Users\abhende\documents\visual studio 2012\Projects\Win32 HGE\Win32 HGE\Debug\link.5496-cvtres.write.1.tlog
C:\Users\abhende\documents\visual studio 2012\Projects\Win32 HGE\Win32 HGE\Debug\link.5496-rc.read.1.tlog
C:\Users\abhende\documents\visual studio 2012\Projects\Win32 HGE\Win32 HGE\Debug\link.5496-rc.write.1.tlog
C:\Users\abhende\documents\visual studio 2012\Projects\Win32 HGE\Win32 HGE\Debug\link.5496.read.1.tlog
C:\Users\abhende\documents\visual studio 2012\Projects\Win32 HGE\Win32 HGE\Debug\link.5496.write.1.tlog
C:\Users\abhende\documents\visual studio 2012\Projects\Win32 HGE\Win32 HGE\Debug\link.552-cvtres.read.1.tlog
C:\Users\abhende\documents\visual studio 2012\Projects\Win32 HGE\Win32 HGE\Debug\link.552-cvtres.write.1.tlog
C:\Users\abhende\documents\visual studio 2012\Projects\Win32 HGE\Win32 HGE\Debug\link.552-rc.read.1.tlog
C:\Users\abhende\documents\visual studio 2012\Projects\Win32 HGE\Win32 HGE\Debug\link.552-rc.write.1.tlog
C:\Users\abhende\documents\visual studio 2012\Projects\Win32 HGE\Win32 HGE\Debug\link.552.read.1.tlog
C:\Users\abhende\documents\visual studio 2012\Projects\Win32 HGE\Win32 HGE\Debug\link.552.write.1.tlog
C:\Users\abhende\documents\visual studio 2012\Projects\Win32 HGE\Win32 HGE\Debug\link.5604-cvtres.read.1.tlog
C:\Users\abhende\documents\visual studio 2012\Projects\Win32 HGE\Win32 HGE\Debug\link.5604-cvtres.write.1.tlog
C:\Users\abhende\documents\visual studio 2012\Projects\Win32 HGE\Win32 HGE\Debug\link.5604-rc.read.1.tlog
C:\Users\abhende\documents\visual studio 2012\Projects\Win32 HGE\Win32 HGE\Debug\link.5604-rc.write.1.tlog
C:\Users\abhende\documents\visual studio 2012\Projects\Win32 HGE\Win32 HGE\Debug\link.5604.read.1.tlog
C:\Users\abhende\documents\visual studio 2012\Projects\Win32 HGE\Win32 HGE\Debug\link.5604.write.1.tlog
C:\Users\abhende\documents\visual studio 2012\Projects\Win32 HGE\Win32 HGE\Debug\link.5736-cvtres.read.1.tlog
C:\Users\abhende\documents\visual studio 2012\Projects\Win32 HGE\Win32 HGE\Debug\link.5736-cvtres.write.1.tlog
C:\Users\abhende\documents\visual studio 2012\Projects\Win32 HGE\Win32 HGE\Debug\link.5736-rc.read.1.tlog
C:\Users\abhende\documents\visual studio 2012\Projects\Win32 HGE\Win32 HGE\Debug\link.5736-rc.write.1.tlog
C:\Users\abhende\documents\visual studio 2012\Projects\Win32 HGE\Win32 HGE\Debug\link.5736.read.1.tlog
C:\Users\abhende\documents\visual studio 2012\Projects\Win32 HGE\Win32 HGE\Debug\link.5736.write.1.tlog
C:\Users\abhende\documents\visual studio 2012\Projects\Win32 HGE\Win32 HGE\Debug\link.5852-cvtres.read.1.tlog
C:\Users\abhende\documents\visual studio 2012\Projects\Win32 HGE\Win32 HGE\Debug\link.5852-cvtres.write.1.tlog
C:\Users\abhende\documents\visual studio 2012\Projects\Win32 HGE\Win32 HGE\Debug\link.5852-rc.read.1.tlog
C:\Users\abhende\documents\visual studio 2012\Projects\Win32 HGE\Win32 HGE\Debug\link.5852-rc.write.1.tlog
C:\Users\abhende\documents\visual studio 2012\Projects\Win32 HGE\Win32 HGE\Debug\link.5852.read.1.tlog
C:\Users\abhende\documents\visual studio 2012\Projects\Win32 HGE\Win32 HGE\Debug\link.5852.write.1.tlog
C:\Users\abhende\documents\visual studio 2012\Projects\Win32 HGE\Win32 HGE\Debug\link.5908-cvtres.read.1.tlog
C:\Users\abhende\documents\visual studio 2012\Projects\Win32 HGE\Win32 HGE\Debug\link.5908-cvtres.write.1.tlog
C:\Users\abhende\documents\visual studio 2012\Projects\Win32 HGE\Win32 HGE\Debug\link.5908-rc.read.1.tlog
C:\Users\abhende\documents\visual studio 2012\Projects\Win32 HGE\Win32 HGE\Debug\link.5908-rc.write.1.tlog
C:\Users\abhende\documents\visual studio 2012\Projects\Win32 HGE\Win32 HGE\Debug\link.5908.read.1.tlog
C:\Users\abhende\documents\visual studio 2012\Projects\Win32 HGE\Win32 HGE\Debug\link.5908.write.1.tlog
C:\Users\abhende\documents\visual studio 2012\Projects\Win32 HGE\Win32 HGE\Debug\link.6044-cvtres.read.1.tlog
C:\Users\abhende\documents\visual studio 2012\Projects\Win32 HGE\Win32 HGE\Debug\link.6044-cvtres.write.1.tlog
C:\Users\abhende\documents\visual studio 2012\Projects\Win32 HGE\Win32 HGE\Debug\link.6044-rc.read.1.tlog
C:\Users\abhende\documents\visual studio 2012\Projects\Win32 HGE\Win32 HGE\Debug\link.6044-rc.write.1.tlog
C:\Users\abhende\documents\visual studio 2012\Projects\Win32 HGE\Win32 HGE\Debug\link.6044.read.1.tlog
C:\Users\abhende\documents\visual studio 2012\Projects\Win32 HGE\Win32 HGE\Debug\link.6044.write.1.tlog
C:\Users\abhende\documents\visual studio 2012\Projects\Win32 HGE\Win32 HGE\Debug\link.6600-cvtres.read.1.tlog
C:\Users\abhende\documents\visual studio 2012\Projects\Win32 HGE\Win32 HGE\Debug\link.6600-cvtres.write.1.tlog
C:\Users\abhende\documents\visual studio 2012\Projects\Win32 HGE\Win32 HGE\Debug\link.6600-rc.read.1.tlog
C:\Users\abhende\documents\visual studio 2012\Projects\Win32 HGE\Win32 HGE\Debug\link.6600-rc.write.1.tlog
C:\Users\abhende\documents\visual studio 2012\Projects\Win32 HGE\Win32 HGE\Debug\link.6600.read.1.tlog
C:\Users\abhende\documents\visual studio 2012\Projects\Win32 HGE\Win32 HGE\Debug\link.6600.write.1.tlog
C:\Users\abhende\documents\visual studio 2012\Projects\Win32 HGE\Win32 HGE\Debug\link.6604-cvtres.read.1.tlog
C:\Users\abhende\documents\visual studio 2012\Projects\Win32 HGE\Win32 HGE\Debug\link.6604-cvtres.write.1.tlog
C:\Users\abhende\documents\visual studio 2012\Projects\Win32 HGE\Win32 HGE\Debug\link.6604-rc.read.1.tlog
C:\Users\abhende\documents\visual studio 2012\Projects\Win32 HGE\Win32 HGE\Debug\link.6604-rc.write.1.tlog
C:\Users\abhende\documents\visual studio 2012\Projects\Win32 HGE\Win32 HGE\Debug\link.6604.read.1.tlog
C:\Users\abhende\documents\visual studio 2012\Projects\Win32 HGE\Win32 HGE\Debug\link.6604.write.1.tlog
C:\Users\abhende\documents\visual studio 2012\Projects\Win32 HGE\Win32 HGE\Debug\link.6672-cvtres.read.1.tlog
C:\Users\abhende\documents\visual studio 2012\Projects\Win32 HGE\Win32 HGE\Debug\link.6672-cvtres.write.1.tlog
C:\Users\abhende\documents\visual studio 2012\Projects\Win32 HGE\Win32 HGE\Debug\link.6672-rc.read.1.tlog
C:\Users\abhende\documents\visual studio 2012\Projects\Win32 HGE\Win32 HGE\Debug\link.6672-rc.write.1.tlog
C:\Users\abhende\documents\visual studio 2012\Projects\Win32 HGE\Win32 HGE\Debug\link.6672.read.1.tlog
C:\Users\abhende\documents\visual studio 2012\Projects\Win32 HGE\Win32 HGE\Debug\link.6672.write.1.tlog
C:\Users\abhende\documents\visual studio 2012\Projects\Win32 HGE\Win32 HGE\Debug\link.668-cvtres.read.1.tlog
C:\Users\abhende\documents\visual studio 2012\Projects\Win32 HGE\Win32 HGE\Debug\link.668-cvtres.write.1.tlog
C:\Users\abhende\documents\visual studio 2012\Projects\Win32 HGE\Win32 HGE\Debug\link.668-rc.read.1.tlog
C:\Users\abhende\documents\visual studio 2012\Projects\Win32 HGE\Win32 HGE\Debug\link.668-rc.write.1.tlog
C:\Users\abhende\documents\visual studio 2012\Projects\Win32 HGE\Win32 HGE\Debug\link.668.read.1.tlog
C:\Users\abhende\documents\visual studio 2012\Projects\Win32 HGE\Win32 HGE\Debug\link.668.write.1.tlog
C:\Users\abhende\documents\visual studio 2012\Projects\Win32 HGE\Win32 HGE\Debug\link.6688-cvtres.read.1.tlog
C:\Users\abhende\documents\visual studio 2012\Projects\Win32 HGE\Win32 HGE\Debug\link.6688-cvtres.write.1.tlog
C:\Users\abhende\documents\visual studio 2012\Projects\Win32 HGE\Win32 HGE\Debug\link.6688-rc.read.1.tlog
C:\Users\abhende\documents\visual studio 2012\Projects\Win32 HGE\Win32 HGE\Debug\link.6688-rc.write.1.tlog
C:\Users\abhende\documents\visual studio 2012\Projects\Win32 HGE\Win32 HGE\Debug\link.6688.read.1.tlog
C:\Users\abhende\documents\visual studio 2012\Projects\Win32 HGE\Win32 HGE\Debug\link.6688.write.1.tlog
C:\Users\abhende\documents\visual studio 2012\Projects\Win32 HGE\Win32 HGE\Debug\link.6692-cvtres.read.1.tlog
C:\Users\abhende\documents\visual studio 2012\Projects\Win32 HGE\Win32 HGE\Debug\link.6692-cvtres.write.1.tlog
C:\Users\abhende\documents\visual studio 2012\Projects\Win32 HGE\Win32 HGE\Debug\link.6692-rc.read.1.tlog
C:\Users\abhende\documents\visual studio 2012\Projects\Win32 HGE\Win32 HGE\Debug\link.6692-rc.write.1.tlog
C:\Users\abhende\documents\visual studio 2012\Projects\Win32 HGE\Win32 HGE\Debug\link.6692.read.1.tlog
C:\Users\abhende\documents\visual studio 2012\Projects\Win32 HGE\Win32 HGE\Debug\link.6692.write.1.tlog
C:\Users\abhende\documents\visual studio 2012\Projects\Win32 HGE\Win32 HGE\Debug\link.6712-cvtres.read.1.tlog
C:\Users\abhende\documents\visual studio 2012\Projects\Win32 HGE\Win32 HGE\Debug\link.6712-cvtres.write.1.tlog
C:\Users\abhende\documents\visual studio 2012\Projects\Win32 HGE\Win32 HGE\Debug\link.6712-rc.read.1.tlog
C:\Users\abhende\documents\visual studio 2012\Projects\Win32 HGE\Win32 HGE\Debug\link.6712-rc.write.1.tlog
C:\Users\abhende\documents\visual studio 2012\Projects\Win32 HGE\Win32 HGE\Debug\link.6712.read.1.tlog
C:\Users\abhende\documents\visual studio 2012\Projects\Win32 HGE\Win32 HGE\Debug\link.6712.write.1.tlog
C:\Users\abhende\documents\visual studio 2012\Projects\Win32 HGE\Win32 HGE\Debug\link.6768-cvtres.read.1.tlog
C:\Users\abhende\documents\visual studio 2012\Projects\Win32 HGE\Win32 HGE\Debug\link.6768-cvtres.write.1.tlog
C:\Users\abhende\documents\visual studio 2012\Projects\Win32 HGE\Win32 HGE\Debug\link.6768-rc.read.1.tlog
C:\Users\abhende\documents\visual studio 2012\Projects\Win32 HGE\Win32 HGE\Debug\link.6768-rc.write.1.tlog
C:\Users\abhende\documents\visual studio 2012\Projects\Win32 HGE\Win32 HGE\Debug\link.6768.read.1.tlog
C:\Users\abhende\documents\visual studio 2012\Projects\Win32 HGE\Win32 HGE\Debug\link.6768.write.1.tlog
C:\Users\abhende\documents\visual studio 2012\Projects\Win32 HGE\Win32 HGE\Debug\link.708-cvtres.read.1.tlog
C:\Users\abhende\documents\visual studio 2012\Projects\Win32 HGE\Win32 HGE\Debug\link.708-cvtres.write.1.tlog
C:\Users\abhende\documents\visual studio 2012\Projects\Win32 HGE\Win32 HGE\Debug\link.708-rc.read.1.tlog
C:\Users\abhende\documents\visual studio 2012\Projects\Win32 HGE\Win32 HGE\Debug\link.708-rc.write.1.tlog
C:\Users\abhende\documents\visual studio 2012\Projects\Win32 HGE\Win32 HGE\Debug\link.708.read.1.tlog
C:\Users\abhende\documents\visual studio 2012\Projects\Win32 HGE\Win32 HGE\Debug\link.708.write.1.tlog
C:\Users\abhende\documents\visual studio 2012\Projects\Win32 HGE\Win32 HGE\Debug\link.7244-cvtres.read.1.tlog
C:\Users\abhende\documents\visual studio 2012\Projects\Win32 HGE\Win32 HGE\Debug\link.7244-cvtres.write.1.tlog
C:\Users\abhende\documents\visual studio 2012\Projects\Win32 HGE\Win32 HGE\Debug\link.7244-rc.read.1.tlog
C:\Users\abhende\documents\visual studio 2012\Projects\Win32 HGE\Win32 HGE\Debug\link.7244-rc.write.1.tlog
C:\Users\abhende\documents\visual studio 2012\Projects\Win32 HGE\Win32 HGE\Debug\link.7244.read.1.tlog
C:\Users\abhende\documents\visual studio 2012\Projects\Win32 HGE\Win32 HGE\Debug\link.7244.write.1.tlog
C:\Users\abhende\documents\visual studio 2012\Projects\Win32 HGE\Win32 HGE\Debug\link.7536-cvtres.read.1.tlog
C:\Users\abhende\documents\visual studio 2012\Projects\Win32 HGE\Win32 HGE\Debug\link.7536-cvtres.write.1.tlog
C:\Users\abhende\documents\visual studio 2012\Projects\Win32 HGE\Win32 HGE\Debug\link.7536-rc.read.1.tlog
C:\Users\abhende\documents\visual studio 2012\Projects\Win32 HGE\Win32 HGE\Debug\link.7536-rc.write.1.tlog
C:\Users\abhende\documents\visual studio 2012\Projects\Win32 HGE\Win32 HGE\Debug\link.7536.read.1.tlog
C:\Users\abhende\documents\visual studio 2012\Projects\Win32 HGE\Win32 HGE\Debug\link.7536.write.1.tlog
C:\Users\abhende\documents\visual studio 2012\Projects\Win32 HGE\Win32 HGE\Debug\link.7944-cvtres.read.1.tlog
C:\Users\abhende\documents\visual studio 2012\Projects\Win32 HGE\Win32 HGE\Debug\link.7944-cvtres.write.1.tlog
C:\Users\abhende\documents\visual studio 2012\Projects\Win32 HGE\Win32 HGE\Debug\link.7944-rc.read.1.tlog
C:\Users\abhende\documents\visual studio 2012\Projects\Win32 HGE\Win32 HGE\Debug\link.7944-rc.write.1.tlog
C:\Users\abhende\documents\visual studio 2012\Projects\Win32 HGE\Win32 HGE\Debug\link.7944.read.1.tlog
C:\Users\abhende\documents\visual studio 2012\Projects\Win32 HGE\Win32 HGE\Debug\link.7944.write.1.tlog
C:\Users\abhende\documents\visual studio 2012\Projects\Win32 HGE\Win32 HGE\Debug\link.7976-cvtres.read.1.tlog
C:\Users\abhende\documents\visual studio 2012\Projects\Win32 HGE\Win32 HGE\Debug\link.7976-cvtres.write.1.tlog
C:\Users\abhende\documents\visual studio 2012\Projects\Win32 HGE\Win32 HGE\Debug\link.7976-rc.read.1.tlog
C:\Users\abhende\documents\visual studio 2012\Projects\Win32 HGE\Win32 HGE\Debug\link.7976-rc.write.1.tlog
C:\Users\abhende\documents\visual studio 2012\Projects\Win32 HGE\Win32 HGE\Debug\link.7976.read.1.tlog
C:\Users\abhende\documents\visual studio 2012\Projects\Win32 HGE\Win32 HGE\Debug\link.7976.write.1.tlog
C:\Users\abhende\documents\visual studio 2012\Projects\Win32 HGE\Win32 HGE\Debug\link.800-cvtres.read.1.tlog
C:\Users\abhende\documents\visual studio 2012\Projects\Win32 HGE\Win32 HGE\Debug\link.800-cvtres.write.1.tlog
C:\Users\abhende\documents\visual studio 2012\Projects\Win32 HGE\Win32 HGE\Debug\link.800-rc.read.1.tlog
C:\Users\abhende\documents\visual studio 2012\Projects\Win32 HGE\Win32 HGE\Debug\link.800-rc.write.1.tlog
C:\Users\abhende\documents\visual studio 2012\Projects\Win32 HGE\Win32 HGE\Debug\link.800.read.1.tlog
C:\Users\abhende\documents\visual studio 2012\Projects\Win32 HGE\Win32 HGE\Debug\link.800.write.1.tlog
C:\Users\abhende\documents\visual studio 2012\Projects\Win32 HGE\Win32 HGE\Debug\link.8052-cvtres.read.1.tlog
C:\Users\abhende\documents\visual studio 2012\Projects\Win32 HGE\Win32 HGE\Debug\link.8052-cvtres.write.1.tlog
C:\Users\abhende\documents\visual studio 2012\Projects\Win32 HGE\Win32 HGE\Debug\link.8052-rc.read.1.tlog
C:\Users\abhende\documents\visual studio 2012\Projects\Win32 HGE\Win32 HGE\Debug\link.8052-rc.write.1.tlog
C:\Users\abhende\documents\visual studio 2012\Projects\Win32 HGE\Win32 HGE\Debug\link.8052.read.1.tlog
C:\Users\abhende\documents\visual studio 2012\Projects\Win32 HGE\Win32 HGE\Debug\link.8052.write.1.tlog
C:\Users\abhende\documents\visual studio 2012\Projects\Win32 HGE\Win32 HGE\Debug\link.8208-cvtres.read.1.tlog
C:\Users\abhende\documents\visual studio 2012\Projects\Win32 HGE\Win32 HGE\Debug\link.8208-cvtres.write.1.tlog
C:\Users\abhende\documents\visual studio 2012\Projects\Win32 HGE\Win32 HGE\Debug\link.8208-rc.read.1.tlog
C:\Users\abhende\documents\visual studio 2012\Projects\Win32 HGE\Win32 HGE\Debug\link.8208-rc.write.1.tlog
C:\Users\abhende\documents\visual studio 2012\Projects\Win32 HGE\Win32 HGE\Debug\link.8208.read.1.tlog
C:\Users\abhende\documents\visual studio 2012\Projects\Win32 HGE\Win32 HGE\Debug\link.8208.write.1.tlog
C:\Users\abhende\documents\visual studio 2012\Projects\Win32 HGE\Win32 HGE\Debug\link.8296-cvtres.read.1.tlog
C:\Users\abhende\documents\visual studio 2012\Projects\Win32 HGE\Win32 HGE\Debug\link.8296-cvtres.write.1.tlog
C:\Users\abhende\documents\visual studio 2012\Projects\Win32 HGE\Win32 HGE\Debug\link.8296-rc.read.1.tlog
C:\Users\abhende\documents\visual studio 2012\Projects\Win32 HGE\Win32 HGE\Debug\link.8296-rc.write.1.tlog
C:\Users\abhende\documents\visual studio 2012\Projects\Win32 HGE\Win32 HGE\Debug\link.8296.read.1.tlog
C:\Users\abhende\documents\visual studio 2012\Projects\Win32 HGE\Win32 HGE\Debug\link.8296.write.1.tlog
C:\Users\abhende\documents\visual studio 2012\Projects\Win32 HGE\Win32 HGE\Debug\link.8600-cvtres.read.1.tlog
C:\Users\abhende\documents\visual studio 2012\Projects\Win32 HGE\Win32 HGE\Debug\link.8600-cvtres.write.1.tlog
C:\Users\abhende\documents\visual studio 2012\Projects\Win32 HGE\Win32 HGE\Debug\link.8600-rc.read.1.tlog
C:\Users\abhende\documents\visual studio 2012\Projects\Win32 HGE\Win32 HGE\Debug\link.8600-rc.write.1.tlog
C:\Users\abhende\documents\visual studio 2012\Projects\Win32 HGE\Win32 HGE\Debug\link.8600.read.1.tlog
C:\Users\abhende\documents\visual studio 2012\Projects\Win32 HGE\Win32 HGE\Debug\link.8600.write.1.tlog
C:\Users\abhende\documents\visual studio 2012\Projects\Win32 HGE\Win32 HGE\Debug\link.8656-cvtres.read.1.tlog
C:\Users\abhende\documents\visual studio 2012\Projects\Win32 HGE\Win32 HGE\Debug\link.8656-cvtres.write.1.tlog
C:\Users\abhende\documents\visual studio 2012\Projects\Win32 HGE\Win32 HGE\Debug\link.8656-rc.read.1.tlog
C:\Users\abhende\documents\visual studio 2012\Projects\Win32 HGE\Win32 HGE\Debug\link.8656-rc.write.1.tlog
C:\Users\abhende\documents\visual studio 2012\Projects\Win32 HGE\Win32 HGE\Debug\link.8656.read.1.tlog
C:\Users\abhende\documents\visual studio 2012\Projects\Win32 HGE\Win32 HGE\Debug\link.8656.write.1.tlog
C:\Users\abhende\documents\visual studio 2012\Projects\Win32 HGE\Win32 HGE\Debug\link.8688-cvtres.read.1.tlog
C:\Users\abhende\documents\visual studio 2012\Projects\Win32 HGE\Win32 HGE\Debug\link.8688-cvtres.write.1.tlog
C:\Users\abhende\documents\visual studio 2012\Projects\Win32 HGE\Win32 HGE\Debug\link.8688-rc.read.1.tlog
C:\Users\abhende\documents\visual studio 2012\Projects\Win32 HGE\Win32 HGE\Debug\link.8688-rc.write.1.tlog
C:\Users\abhende\documents\visual studio 2012\Projects\Win32 HGE\Win32 HGE\Debug\link.8688.read.1.tlog
C:\Users\abhende\documents\visual studio 2012\Projects\Win32 HGE\Win32 HGE\Debug\link.8688.write.1.tlog
C:\Users\abhende\documents\visual studio 2012\Projects\Win32 HGE\Win32 HGE\Debug\link.8704-cvtres.read.1.tlog
C:\Users\abhende\documents\visual studio 2012\Projects\Win32 HGE\Win32 HGE\Debug\link.8704-cvtres.write.1.tlog
C:\Users\abhende\documents\visual studio 2012\Projects\Win32 HGE\Win32 HGE\Debug\link.8704-rc.read.1.tlog
C:\Users\abhende\documents\visual studio 2012\Projects\Win32 HGE\Win32 HGE\Debug\link.8704-rc.write.1.tlog
C:\Users\abhende\documents\visual studio 2012\Projects\Win32 HGE\Win32 HGE\Debug\link.8704.read.1.tlog
C:\Users\abhende\documents\visual studio 2012\Projects\Win32 HGE\Win32 HGE\Debug\link.8704.write.1.tlog
C:\Users\abhende\documents\visual studio 2012\Projects\Win32 HGE\Win32 HGE\Debug\link.8816-cvtres.read.1.tlog
C:\Users\abhende\documents\visual studio 2012\Projects\Win32 HGE\Win32 HGE\Debug\link.8816-cvtres.write.1.tlog
C:\Users\abhende\documents\visual studio 2012\Projects\Win32 HGE\Win32 HGE\Debug\link.8816-rc.read.1.tlog
C:\Users\abhende\documents\visual studio 2012\Projects\Win32 HGE\Win32 HGE\Debug\link.8816-rc.write.1.tlog
C:\Users\abhende\documents\visual studio 2012\Projects\Win32 HGE\Win32 HGE\Debug\link.8816.read.1.tlog
C:\Users\abhende\documents\visual studio 2012\Projects\Win32 HGE\Win32 HGE\Debug\link.8816.write.1.tlog
C:\Users\abhende\documents\visual studio 2012\Projects\Win32 HGE\Win32 HGE\Debug\link.8828-cvtres.read.1.tlog
C:\Users\abhende\documents\visual studio 2012\Projects\Win32 HGE\Win32 HGE\Debug\link.8828-cvtres.write.1.tlog
C:\Users\abhende\documents\visual studio 2012\Projects\Win32 HGE\Win32 HGE\Debug\link.8828-rc.read.1.tlog
C:\Users\abhende\documents\visual studio 2012\Projects\Win32 HGE\Win32 HGE\Debug\link.8828-rc.write.1.tlog
C:\Users\abhende\documents\visual studio 2012\Projects\Win32 HGE\Win32 HGE\Debug\link.8828.read.1.tlog
C:\Users\abhende\documents\visual studio 2012\Projects\Win32 HGE\Win32 HGE\Debug\link.8828.write.1.tlog
C:\Users\abhende\documents\visual studio 2012\Projects\Win32 HGE\Win32 HGE\Debug\link.8852-cvtres.read.1.tlog
C:\Users\abhende\documents\visual studio 2012\Projects\Win32 HGE\Win32 HGE\Debug\link.8852-cvtres.write.1.tlog
C:\Users\abhende\documents\visual studio 2012\Projects\Win32 HGE\Win32 HGE\Debug\link.8852-rc.read.1.tlog
C:\Users\abhende\documents\visual studio 2012\Projects\Win32 HGE\Win32 HGE\Debug\link.8852-rc.write.1.tlog
C:\Users\abhende\documents\visual studio 2012\Projects\Win32 HGE\Win32 HGE\Debug\link.8852.read.1.tlog
C:\Users\abhende\documents\visual studio 2012\Projects\Win32 HGE\Win32 HGE\Debug\link.8852.write.1.tlog
C:\Users\abhende\documents\visual studio 2012\Projects\Win32 HGE\Win32 HGE\Debug\link.8876-cvtres.read.1.tlog
C:\Users\abhende\documents\visual studio 2012\Projects\Win32 HGE\Win32 HGE\Debug\link.8876-cvtres.write.1.tlog
C:\Users\abhende\documents\visual studio 2012\Projects\Win32 HGE\Win32 HGE\Debug\link.8876-rc.read.1.tlog
C:\Users\abhende\documents\visual studio 2012\Projects\Win32 HGE\Win32 HGE\Debug\link.8876-rc.write.1.tlog
C:\Users\abhende\documents\visual studio 2012\Projects\Win32 HGE\Win32 HGE\Debug\link.8876.read.1.tlog
C:\Users\abhende\documents\visual studio 2012\Projects\Win32 HGE\Win32 HGE\Debug\link.8876.write.1.tlog
C:\Users\abhende\documents\visual studio 2012\Projects\Win32 HGE\Win32 HGE\Debug\link.8888-cvtres.read.1.tlog
C:\Users\abhende\documents\visual studio 2012\Projects\Win32 HGE\Win32 HGE\Debug\link.8888-cvtres.write.1.tlog
C:\Users\abhende\documents\visual studio 2012\Projects\Win32 HGE\Win32 HGE\Debug\link.8888-rc.read.1.tlog
C:\Users\abhende\documents\visual studio 2012\Projects\Win32 HGE\Win32 HGE\Debug\link.8888-rc.write.1.tlog
C:\Users\abhende\documents\visual studio 2012\Projects\Win32 HGE\Win32 HGE\Debug\link.8888.read.1.tlog
C:\Users\abhende\documents\visual studio 2012\Projects\Win32 HGE\Win32 HGE\Debug\link.8888.write.1.tlog
C:\Users\abhende\documents\visual studio 2012\Projects\Win32 HGE\Win32 HGE\Debug\link.900-cvtres.read.1.tlog
C:\Users\abhende\documents\visual studio 2012\Projects\Win32 HGE\Win32 HGE\Debug\link.900-cvtres.write.1.tlog
C:\Users\abhende\documents\visual studio 2012\Projects\Win32 HGE\Win32 HGE\Debug\link.900-rc.read.1.tlog
C:\Users\abhende\documents\visual studio 2012\Projects\Win32 HGE\Win32 HGE\Debug\link.900-rc.write.1.tlog
C:\Users\abhende\documents\visual studio 2012\Projects\Win32 HGE\Win32 HGE\Debug\link.900.read.1.tlog
C:\Users\abhende\documents\visual studio 2012\Projects\Win32 HGE\Win32 HGE\Debug\link.900.write.1.tlog
C:\Users\abhende\documents\visual studio 2012\Projects\Win32 HGE\Win32 HGE\Debug\link.9040-cvtres.read.1.tlog
C:\Users\abhende\documents\visual studio 2012\Projects\Win32 HGE\Win32 HGE\Debug\link.9040-cvtres.write.1.tlog
C:\Users\abhende\documents\visual studio 2012\Projects\Win32 HGE\Win32 HGE\Debug\link.9040-rc.read.1.tlog
C:\Users\abhende\documents\visual studio 2012\Projects\Win32 HGE\Win32 HGE\Debug\link.9040-rc.write.1.tlog
C:\Users\abhende\documents\visual studio 2012\Projects\Win32 HGE\Win32 HGE\Debug\link.9040.read.1.tlog
C:\Users\abhende\documents\visual studio 2012\Projects\Win32 HGE\Win32 HGE\Debug\link.9040.write.1.tlog
C:\Users\abhende\documents\visual studio 2012\Projects\Win32 HGE\Win32 HGE\Debug\link.908-cvtres.read.1.tlog
C:\Users\abhende\documents\visual studio 2012\Projects\Win32 HGE\Win32 HGE\Debug\link.908-cvtres.write.1.tlog
C:\Users\abhende\documents\visual studio 2012\Projects\Win32 HGE\Win32 HGE\Debug\link.908-rc.read.1.tlog
C:\Users\abhende\documents\visual studio 2012\Projects\Win32 HGE\Win32 HGE\Debug\link.908-rc.write.1.tlog
C:\Users\abhende\documents\visual studio 2012\Projects\Win32 HGE\Win32 HGE\Debug\link.908.read.1.tlog
C:\Users\abhende\documents\visual studio 2012\Projects\Win32 HGE\Win32 HGE\Debug\link.908.write.1.tlog
C:\Users\abhende\documents\visual studio 2012\Projects\Win32 HGE\Win32 HGE\Debug\link.9100-cvtres.read.1.tlog
C:\Users\abhende\documents\visual studio 2012\Projects\Win32 HGE\Win32 HGE\Debug\link.9100-cvtres.write.1.tlog
C:\Users\abhende\documents\visual studio 2012\Projects\Win32 HGE\Win32 HGE\Debug\link.9100-rc.read.1.tlog
C:\Users\abhende\documents\visual studio 2012\Projects\Win32 HGE\Win32 HGE\Debug\link.9100-rc.write.1.tlog
C:\Users\abhende\documents\visual studio 2012\Projects\Win32 HGE\Win32 HGE\Debug\link.9100.read.1.tlog
C:\Users\abhende\documents\visual studio 2012\Projects\Win32 HGE\Win32 HGE\Debug\link.9100.write.1.tlog
C:\Users\abhende\documents\visual studio 2012\Projects\Win32 HGE\Win32 HGE\Debug\link.9124-cvtres.read.1.tlog
C:\Users\abhende\documents\visual studio 2012\Projects\Win32 HGE\Win32 HGE\Debug\link.9124-cvtres.write.1.tlog
C:\Users\abhende\documents\visual studio 2012\Projects\Win32 HGE\Win32 HGE\Debug\link.9124-rc.read.1.tlog
C:\Users\abhende\documents\visual studio 2012\Projects\Win32 HGE\Win32 HGE\Debug\link.9124-rc.write.1.tlog
C:\Users\abhende\documents\visual studio 2012\Projects\Win32 HGE\Win32 HGE\Debug\link.9124.read.1.tlog
C:\Users\abhende\documents\visual studio 2012\Projects\Win32 HGE\Win32 HGE\Debug\link.9124.write.1.tlog
C:\Users\abhende\documents\visual studio 2012\Projects\Win32 HGE\Win32 HGE\Debug\link.9208-cvtres.read.1.tlog
C:\Users\abhende\documents\visual studio 2012\Projects\Win32 HGE\Win32 HGE\Debug\link.9208-cvtres.write.1.tlog
C:\Users\abhende\documents\visual studio 2012\Projects\Win32 HGE\Win32 HGE\Debug\link.9208-rc.read.1.tlog
C:\Users\abhende\documents\visual studio 2012\Projects\Win32 HGE\Win32 HGE\Debug\link.9208-rc.write.1.tlog
C:\Users\abhende\documents\visual studio 2012\Projects\Win32 HGE\Win32 HGE\Debug\link.9208.read.1.tlog
C:\Users\abhende\documents\visual studio 2012\Projects\Win32 HGE\Win32 HGE\Debug\link.9208.write.1.tlog
C:\Users\abhende\documents\visual studio 2012\Projects\Win32 HGE\Win32 HGE\Debug\link.9220-cvtres.read.1.tlog
C:\Users\abhende\documents\visual studio 2012\Projects\Win32 HGE\Win32 HGE\Debug\link.9220-cvtres.write.1.tlog
C:\Users\abhende\documents\visual studio 2012\Projects\Win32 HGE\Win32 HGE\Debug\link.9220-rc.read.1.tlog
C:\Users\abhende\documents\visual studio 2012\Projects\Win32 HGE\Win32 HGE\Debug\link.9220-rc.write.1.tlog
C:\Users\abhende\documents\visual studio 2012\Projects\Win32 HGE\Win32 HGE\Debug\link.9220.read.1.tlog
C:\Users\abhende\documents\visual studio 2012\Projects\Win32 HGE\Win32 HGE\Debug\link.9220.write.1.tlog
C:\Users\abhende\documents\visual studio 2012\Projects\Win32 HGE\Win32 HGE\Debug\link.9228-cvtres.read.1.tlog
C:\Users\abhende\documents\visual studio 2012\Projects\Win32 HGE\Win32 HGE\Debug\link.9228-cvtres.write.1.tlog
C:\Users\abhende\documents\visual studio 2012\Projects\Win32 HGE\Win32 HGE\Debug\link.9228-rc.read.1.tlog
C:\Users\abhende\documents\visual studio 2012\Projects\Win32 HGE\Win32 HGE\Debug\link.9228-rc.write.1.tlog
C:\Users\abhende\documents\visual studio 2012\Projects\Win32 HGE\Win32 HGE\Debug\link.9228.read.1.tlog
C:\Users\abhende\documents\visual studio 2012\Projects\Win32 HGE\Win32 HGE\Debug\link.9228.write.1.tlog
C:\Users\abhende\documents\visual studio 2012\Projects\Win32 HGE\Win32 HGE\Debug\link.9312-cvtres.read.1.tlog
C:\Users\abhende\documents\visual studio 2012\Projects\Win32 HGE\Win32 HGE\Debug\link.9312-cvtres.write.1.tlog
C:\Users\abhende\documents\visual studio 2012\Projects\Win32 HGE\Win32 HGE\Debug\link.9312-rc.read.1.tlog
C:\Users\abhende\documents\visual studio 2012\Projects\Win32 HGE\Win32 HGE\Debug\link.9312-rc.write.1.tlog
C:\Users\abhende\documents\visual studio 2012\Projects\Win32 HGE\Win32 HGE\Debug\link.9312.read.1.tlog
C:\Users\abhende\documents\visual studio 2012\Projects\Win32 HGE\Win32 HGE\Debug\link.9312.write.1.tlog
C:\Users\abhende\documents\visual studio 2012\Projects\Win32 HGE\Win32 HGE\Debug\link.9340-cvtres.read.1.tlog
C:\Users\abhende\documents\visual studio 2012\Projects\Win32 HGE\Win32 HGE\Debug\link.9340-cvtres.write.1.tlog
C:\Users\abhende\documents\visual studio 2012\Projects\Win32 HGE\Win32 HGE\Debug\link.9340-rc.read.1.tlog
C:\Users\abhende\documents\visual studio 2012\Projects\Win32 HGE\Win32 HGE\Debug\link.9340-rc.write.1.tlog
C:\Users\abhende\documents\visual studio 2012\Projects\Win32 HGE\Win32 HGE\Debug\link.9340.read.1.tlog
C:\Users\abhende\documents\visual studio 2012\Projects\Win32 HGE\Win32 HGE\Debug\link.9340.write.1.tlog
C:\Users\abhende\documents\visual studio 2012\Projects\Win32 HGE\Win32 HGE\Debug\link.9428-cvtres.read.1.tlog
C:\Users\abhende\documents\visual studio 2012\Projects\Win32 HGE\Win32 HGE\Debug\link.9428-cvtres.write.1.tlog
C:\Users\abhende\documents\visual studio 2012\Projects\Win32 HGE\Win32 HGE\Debug\link.9428-rc.read.1.tlog
C:\Users\abhende\documents\visual studio 2012\Projects\Win32 HGE\Win32 HGE\Debug\link.9428-rc.write.1.tlog
C:\Users\abhende\documents\visual studio 2012\Projects\Win32 HGE\Win32 HGE\Debug\link.9428.read.1.tlog
C:\Users\abhende\documents\visual studio 2012\Projects\Win32 HGE\Win32 HGE\Debug\link.9428.write.1.tlog
C:\Users\abhende\documents\visual studio 2012\Projects\Win32 HGE\Win32 HGE\Debug\link.9556-cvtres.read.1.tlog
C:\Users\abhende\documents\visual studio 2012\Projects\Win32 HGE\Win32 HGE\Debug\link.9556-cvtres.write.1.tlog
C:\Users\abhende\documents\visual studio 2012\Projects\Win32 HGE\Win32 HGE\Debug\link.9556-rc.read.1.tlog
C:\Users\abhende\documents\visual studio 2012\Projects\Win32 HGE\Win32 HGE\Debug\link.9556-rc.write.1.tlog
C:\Users\abhende\documents\visual studio 2012\Projects\Win32 HGE\Win32 HGE\Debug\link.9556.read.1.tlog
C:\Users\abhende\documents\visual studio 2012\Projects\Win32 HGE\Win32 HGE\Debug\link.9556.write.1.tlog
C:\Users\abhende\documents\visual studio 2012\Projects\Win32 HGE\Win32 HGE\Debug\link.9920-cvtres.read.1.tlog
C:\Users\abhende\documents\visual studio 2012\Projects\Win32 HGE\Win32 HGE\Debug\link.9920-cvtres.write.1.tlog
C:\Users\abhende\documents\visual studio 2012\Projects\Win32 HGE\Win32 HGE\Debug\link.9920-rc.read.1.tlog
C:\Users\abhende\documents\visual studio 2012\Projects\Win32 HGE\Win32 HGE\Debug\link.9920-rc.write.1.tlog
C:\Users\abhende\documents\visual studio 2012\Projects\Win32 HGE\Win32 HGE\Debug\link.9920.read.1.tlog
C:\Users\abhende\documents\visual studio 2012\Projects\Win32 HGE\Win32 HGE\Debug\link.9920.write.1.tlog
C:\Users\abhende\documents\visual studio 2012\Projects\Win32 HGE\Win32 HGE\Debug\link.9932-cvtres.read.1.tlog
C:\Users\abhende\documents\visual studio 2012\Projects\Win32 HGE\Win32 HGE\Debug\link.9932-cvtres.write.1.tlog
C:\Users\abhende\documents\visual studio 2012\Projects\Win32 HGE\Win32 HGE\Debug\link.9932-rc.read.1.tlog
C:\Users\abhende\documents\visual studio 2012\Projects\Win32 HGE\Win32 HGE\Debug\link.9932-rc.write.1.tlog
C:\Users\abhende\documents\visual studio 2012\Projects\Win32 HGE\Win32 HGE\Debug\link.9932.read.1.tlog
C:\Users\abhende\documents\visual studio 2012\Projects\Win32 HGE\Win32 HGE\Debug\link.9932.write.1.tlog
C:\Users\abhende\documents\visual studio 2012\Projects\Win32 HGE\Win32 HGE\Debug\link.command.1.tlog
C:\Users\abhende\documents\visual studio 2012\Projects\Win32 HGE\Win32 HGE\Debug\link.read.1.tlog
C:\Users\abhende\documents\visual studio 2012\Projects\Win32 HGE\Win32 HGE\Debug\link.write.1.tlog
C:\Users\abhende\documents\visual studio 2012\Projects\Win32 HGE\Win32 HGE\Debug\Win32 HGE.pch
C:\Users\abhende\documents\visual studio 2012\Projects\Win32 HGE\Win32 HGE\Debug\vc110.idb
C:\Users\abhende\documents\visual studio 2012\Projects\Win32 HGE\Win32 HGE\Debug\vc110.pdb
C:\Users\abhende\documents\visual studio 2012\Projects\Win32 HGE\Debug\Win32 HGE.pdb
